<?xml version="1.0" encoding="UTF-8"?>
<!-- Generated by org.testng.reporters.JUnitXMLReporter -->
<testsuite ignored="78" hostname="LMCLT017" failures="2" tests="12" name="TestOnChromeDriver" time="474.404" errors="0" timestamp="2022-04-05T11:45:35 IST">
  <testcase classname="Oxhead_excel.TestCases" name="Customer_is_able_to_Register_with_valid_Email" time="34.902"/>
  <testcase classname="Oxhead_excel.TestCases" name="Customer_is_able_to_Register_with_valid_Email" time="11.981"/>
  <testcase classname="Oxhead_excel.TestCases" name="Customer_is_able_to_Register_with_valid_Email" time="9.093"/>
  <testcase classname="Oxhead_excel.TestCases" name="Customer_is_able_to_Register_with_valid_Email" time="9.895"/>
  <testcase classname="Oxhead_excel.TestCases" name="Customer_is_able_to_see_Wishlist_page" time="50.397">
    <failure type="org.openqa.selenium.TimeoutException" message="Expected condition failed: waiting for visibility of [[ChromeDriver: chrome on WINDOWS (392240350bd7fa969223f8f532eb34d9)] -&amp;gt; xpath: //div[3]//div[2]//div//ul//li[7]//a] (tried for 25 second(s) with 1 milliseconds interval)
Build info: version: &amp;apos;4.1.1&amp;apos;, revision: &amp;apos;e8fcc2cecf&amp;apos;
System info: host: &amp;apos;LMCLT017&amp;apos;, ip: &amp;apos;192.168.0.190&amp;apos;, os.name: &amp;apos;Windows 10&amp;apos;, os.arch: &amp;apos;amd64&amp;apos;, os.version: &amp;apos;10.0&amp;apos;, java.version: &amp;apos;11.0.6&amp;apos;
Driver info: org.openqa.selenium.chrome.ChromeDriver
Capabilities {acceptInsecureCerts: false, browserName: chrome, browserVersion: 99.0.4844.84, chrome: {chromedriverVersion: 99.0.4844.51 (d537ec02474b5..., userDataDir: C:\Users\BALARA~1\AppData\L...}, goog:chromeOptions: {debuggerAddress: localhost:49701}, javascriptEnabled: true, networkConnectionEnabled: false, pageLoadStrategy: normal, platform: WINDOWS, platformName: WINDOWS, proxy: Proxy(), se:cdp: ws://localhost:49701/devtoo..., se:cdpVersion: 99.0.4844.84, setWindowRect: true, strictFileInteractability: false, timeouts: {implicit: 0, pageLoad: 300000, script: 30000}, unhandledPromptBehavior: dismiss and notify, webauthn:extension:credBlob: true, webauthn:extension:largeBlob: true, webauthn:virtualAuthenticators: true}
Session ID: 392240350bd7fa969223f8f532eb34d9">
      <![CDATA[org.openqa.selenium.TimeoutException: Expected condition failed: waiting for visibility of [[ChromeDriver: chrome on WINDOWS (392240350bd7fa969223f8f532eb34d9)] -> xpath: //div[3]//div[2]//div//ul//li[7]//a] (tried for 25 second(s) with 1 milliseconds interval)
Build info: version: '4.1.1', revision: 'e8fcc2cecf'
System info: host: 'LMCLT017', ip: '192.168.0.190', os.name: 'Windows 10', os.arch: 'amd64', os.version: '10.0', java.version: '11.0.6'
Driver info: org.openqa.selenium.chrome.ChromeDriver
Capabilities {acceptInsecureCerts: false, browserName: chrome, browserVersion: 99.0.4844.84, chrome: {chromedriverVersion: 99.0.4844.51 (d537ec02474b5..., userDataDir: C:\Users\BALARA~1\AppData\L...}, goog:chromeOptions: {debuggerAddress: localhost:49701}, javascriptEnabled: true, networkConnectionEnabled: false, pageLoadStrategy: normal, platform: WINDOWS, platformName: WINDOWS, proxy: Proxy(), se:cdp: ws://localhost:49701/devtoo..., se:cdpVersion: 99.0.4844.84, setWindowRect: true, strictFileInteractability: false, timeouts: {implicit: 0, pageLoad: 300000, script: 30000}, unhandledPromptBehavior: dismiss and notify, webauthn:extension:credBlob: true, webauthn:extension:largeBlob: true, webauthn:virtualAuthenticators: true}
Session ID: 392240350bd7fa969223f8f532eb34d9
at org.openqa.selenium.support.ui.WebDriverWait.timeoutException(WebDriverWait.java:138)
at org.openqa.selenium.support.ui.FluentWait.until(FluentWait.java:231)
at Oxhead_excel.Baseclass.visibilityOfElement(Baseclass.java:38)
at Oxhead_excel.Header.wishlist1(Header.java:211)
at Oxhead_excel.TestCases.Customer_is_able_to_see_Wishlist_page(TestCases.java:280)
at java.base/java.util.ArrayList.forEach(ArrayList.java:1540)
... Removed 27 stack frames]]>
    </failure>
  </testcase> <!-- Customer_is_able_to_see_Wishlist_page -->
  <testcase classname="Oxhead_excel.TestCases" name="user_is_able_to_fill_valid_details_in_shippingaddress_and_able_to_delete_shippingaddress_details" time="29.59"/>
  <testcase classname="Oxhead_excel.TestCases" name="verify_with_valid_order_id_and_billing_mail_and_able_to_see_contactuspage_and_fill_with_invalid_name_and_remaining_all_are_valid" time="19.727"/>
  <testcase classname="Oxhead_excel.TestCases" name="verify_with_valid_order_id_and_billing_mail_and_able_to_see_contactuspage_and_fill_with_invalid_name_and_remaining_all_are_valid" time="18.486"/>
  <testcase classname="Oxhead_excel.TestCases" name="verify_with_valid_order_id_and_billing_mail_and_able_to_see_contactuspage_and_fill_with_invalid_name_and_remaining_all_are_valid" time="14.705"/>
  <testcase classname="Oxhead_excel.TestCases" name="verify_with_valid_order_id_and_billing_mail_and_able_to_see_contactuspage_and_fill_with_invalid_name_and_remaining_all_are_valid" time="16.66"/>
  <testcase classname="Oxhead_excel.TestCases" name="verify_with_valid_order_id_and_billing_mail_and_able_to_see_contactuspage_and_fill_with_invalid_name_and_remaining_all_are_valid" time="22.482">
    <failure type="java.lang.AssertionError" message="expected [One or more fields have an error. Please check and try again.] but found [Thank you for your message. It has been sent.]">
      <![CDATA[java.lang.AssertionError: expected [One or more fields have an error. Please check and try again.] but found [Thank you for your message. It has been sent.]
at Oxhead_excel.Runner.order1(Runner.java:619)
at Oxhead_excel.TestCases.verify_with_valid_order_id_and_billing_mail_and_able_to_see_contactuspage_and_fill_with_invalid_name_and_remaining_all_are_valid(TestCases.java:398)
at java.base/java.util.ArrayList.forEach(ArrayList.java:1540)
... Removed 33 stack frames]]>
    </failure>
  </testcase> <!-- verify_with_valid_order_id_and_billing_mail_and_able_to_see_contactuspage_and_fill_with_invalid_name_and_remaining_all_are_valid -->
  <testcase classname="Oxhead_excel.TestCases" name="Customer_Is_Able_To_See_Product_In_ShoppingCart_Page" time="21.544"/>
  <testcase classname="Oxhead_excel.TestCases" name="Customer_is_able_to_see_the_checkoutdetails_page" time="0.0">
    <ignored/>
  </testcase> <!-- Customer_is_able_to_see_the_checkoutdetails_page -->
  <testcase classname="Oxhead_excel.TestCases" name="select_Membership_option_in_the_select_category" time="0.0">
    <ignored/>
  </testcase> <!-- select_Membership_option_in_the_select_category -->
  <testcase classname="Oxhead_excel.TestCases" name="Customer_is_able_to_click_on_the_Proceed_to_Checkout_button" time="0.0">
    <ignored/>
  </testcase> <!-- Customer_is_able_to_click_on_the_Proceed_to_Checkout_button -->
  <testcase classname="Oxhead_excel.TestCases" name="Customer_is_able_to_enter_products_in_the_Search_for_Products_text_box" time="0.0">
    <ignored/>
  </testcase> <!-- Customer_is_able_to_enter_products_in_the_Search_for_Products_text_box -->
  <testcase classname="Oxhead_excel.TestCases" name="user_is_able_to_fill_valid_details_in_Billingaddress_and_able_to_delete_the_billingaddress" time="0.0">
    <ignored/>
  </testcase> <!-- user_is_able_to_fill_valid_details_in_Billingaddress_and_able_to_delete_the_billingaddress -->
  <testcase classname="Oxhead_excel.TestCases" name="verify_with_valid_orderid_and_billingmail_and_able_to_see_contactus_page_and_fill_with_valid_details" time="0.0">
    <ignored/>
  </testcase> <!-- verify_with_valid_orderid_and_billingmail_and_able_to_see_contactus_page_and_fill_with_valid_details -->
  <testcase classname="Oxhead_excel.TestCases" name="click_On_Remeber_Me_CheckBox" time="0.0">
    <ignored/>
  </testcase> <!-- click_On_Remeber_Me_CheckBox -->
  <testcase classname="Oxhead_excel.TestCases" name="Customer_is_able_to_do_the_payment_method_process" time="0.0">
    <ignored/>
  </testcase> <!-- Customer_is_able_to_do_the_payment_method_process -->
  <testcase classname="Oxhead_excel.TestCases" name="Customer_is_able_to_see_Wishlist_page2" time="0.0">
    <ignored/>
  </testcase> <!-- Customer_is_able_to_see_Wishlist_page2 -->
  <testcase classname="Oxhead_excel.TestCases" name="Customer_Is_able_To_Track_The_Cash_On_Delivery" time="0.0">
    <ignored/>
  </testcase> <!-- Customer_Is_able_To_Track_The_Cash_On_Delivery -->
  <testcase classname="Oxhead_excel.TestCases" name="Customer_is_able_to_see_the_oxhead_merch_in_Other" time="0.0">
    <ignored/>
  </testcase> <!-- Customer_is_able_to_see_the_oxhead_merch_in_Other -->
  <testcase classname="Oxhead_excel.TestCases" name="verify_user_is_able_to_see_contactUSPage_and_verify_with_invalid_details" time="0.0">
    <ignored/>
  </testcase> <!-- verify_user_is_able_to_see_contactUSPage_and_verify_with_invalid_details -->
  <testcase classname="Oxhead_excel.TestCases" name="click_On_Lost_Your_Password_Link" time="0.0">
    <ignored/>
  </testcase> <!-- click_On_Lost_Your_Password_Link -->
  <testcase classname="Oxhead_excel.TestCases" name="Redirect_to_the_Account_login_page_and_Trackanorderpage_pricealertspage_Aboutoxheadpage_oxheadblogpage_oxheadproductspage" time="0.0">
    <ignored/>
  </testcase> <!-- Redirect_to_the_Account_login_page_and_Trackanorderpage_pricealertspage_Aboutoxheadpage_oxheadblogpage_oxheadproductspage -->
  <testcase classname="Oxhead_excel.TestCases" name="Customer_is_able_to_see_No_products_were_found_matching_your_selection_message" time="0.0">
    <ignored/>
  </testcase> <!-- Customer_is_able_to_see_No_products_were_found_matching_your_selection_message -->
  <testcase classname="Oxhead_excel.TestCases" name="Customer_is_able_to_fill_invalid_details_for_ContactUSPage_and_not_able_to_see_Thanku_for_ur_message" time="0.0">
    <ignored/>
  </testcase> <!-- Customer_is_able_to_fill_invalid_details_for_ContactUSPage_and_not_able_to_see_Thanku_for_ur_message -->
  <testcase classname="Oxhead_excel.TestCases" name="Customer_Is_Able_To_See_Shipping_And_Delivery_Page" time="0.0">
    <ignored/>
  </testcase> <!-- Customer_Is_Able_To_See_Shipping_And_Delivery_Page -->
  <testcase classname="Oxhead_excel.TestCases" name="Customer_Is_Able_To_Do_Logout" time="0.0">
    <ignored/>
  </testcase> <!-- Customer_Is_Able_To_Do_Logout -->
  <testcase classname="Oxhead_excel.TestCases" name="select_Palladium_option_in_the_select_category" time="0.0">
    <ignored/>
  </testcase> <!-- select_Palladium_option_in_the_select_category -->
  <testcase classname="Oxhead_excel.TestCases" name="Customer_Is_Able_To_See_The_Gold_On_Browse_Catagories" time="0.0">
    <ignored/>
  </testcase> <!-- Customer_Is_Able_To_See_The_Gold_On_Browse_Catagories -->
  <testcase classname="Oxhead_excel.TestCases" name="Customer_is_able_to_see_the_goldbars" time="0.0">
    <ignored/>
  </testcase> <!-- Customer_is_able_to_see_the_goldbars -->
  <testcase classname="Oxhead_excel.TestCases" name="valid_details_and_user_is_able_to_click_on_getaquote_link" time="0.0">
    <ignored/>
  </testcase> <!-- valid_details_and_user_is_able_to_click_on_getaquote_link -->
  <testcase classname="Oxhead_excel.TestCases" name="Customer_Is_Able_To_click_On_The_Shop_Now_Button_It_Has_To_Redirect_To_That_Particular_Page" time="0.0">
    <ignored/>
  </testcase> <!-- Customer_Is_Able_To_click_On_The_Shop_Now_Button_It_Has_To_Redirect_To_That_Particular_Page -->
  <testcase classname="Oxhead_excel.TestCases" name="Customer_is_able_to_see_the_goldcoins" time="0.0">
    <ignored/>
  </testcase> <!-- Customer_is_able_to_see_the_goldcoins -->
  <testcase classname="Oxhead_excel.TestCases" name="Customer_Is_Not_Able_To_See_Product_In_ShoppingCart_Page" time="0.0">
    <ignored/>
  </testcase> <!-- Customer_Is_Not_Able_To_See_Product_In_ShoppingCart_Page -->
  <testcase classname="Oxhead_excel.TestCases" name="Customer_Ablet_To_Do_SignUp_With_Valid_Email_Address" time="0.0">
    <ignored/>
  </testcase> <!-- Customer_Ablet_To_Do_SignUp_With_Valid_Email_Address -->
  <testcase classname="Oxhead_excel.TestCases" name="customer_Is_clicking_On_The_Shop_Now_Button_It_Has_To_Redirect_To_That_Particular_Page" time="0.0">
    <ignored/>
  </testcase> <!-- customer_Is_clicking_On_The_Shop_Now_Button_It_Has_To_Redirect_To_That_Particular_Page -->
  <testcase classname="Oxhead_excel.TestCases" name="verify_customer_is_able_to_click_on_contactuspage_link_footersection_and_verify_able_to_redirect_contactuspage_Click_on_FAQlink_in_footersection_and_able_to_redirect_FAQpage_and_click_on_Contactlink_and_able_to_see_contactusPagelink" time="0.0">
    <ignored/>
  </testcase> <!-- verify_customer_is_able_to_click_on_contactuspage_link_footersection_and_verify_able_to_redirect_contactuspage_Click_on_FAQlink_in_footersection_and_able_to_redirect_FAQpage_and_click_on_Contactlink_and_able_to_see_contactusPagelink -->
  <testcase classname="Oxhead_excel.TestCases" name="Customer_Is_Able_To_See_The_Palladium_On_Browse_Catagories" time="0.0">
    <ignored/>
  </testcase> <!-- Customer_Is_Able_To_See_The_Palladium_On_Browse_Catagories -->
  <testcase classname="Oxhead_excel.TestCases" name="Customer_is_able_to_fill_valid_details_and_able_to_see_Thanku_for_ur_message" time="0.0">
    <ignored/>
  </testcase> <!-- Customer_is_able_to_fill_valid_details_and_able_to_see_Thanku_for_ur_message -->
  <testcase classname="Oxhead_excel.TestCases" name="Customer_should_be_able_to_click_on_all_the_sociallinks" time="0.0">
    <ignored/>
  </testcase> <!-- Customer_should_be_able_to_click_on_all_the_sociallinks -->
  <testcase classname="Oxhead_excel.TestCases" name="click_On_Create_An_Account_Link" time="0.0">
    <ignored/>
  </testcase> <!-- click_On_Create_An_Account_Link -->
  <testcase classname="Oxhead_excel.TestCases" name="select_Gold_option_in_the_select_category" time="0.0">
    <ignored/>
  </testcase> <!-- select_Gold_option_in_the_select_category -->
  <testcase classname="Oxhead_excel.TestCases" name="password_Has_Been_Reset_Successfully_Message" time="0.0">
    <ignored/>
  </testcase> <!-- password_Has_Been_Reset_Successfully_Message -->
  <testcase classname="Oxhead_excel.TestCases" name="Customer_is_able_to_see_the_Platinum_in_Other" time="0.0">
    <ignored/>
  </testcase> <!-- Customer_is_able_to_see_the_Platinum_in_Other -->
  <testcase classname="Oxhead_excel.TestCases" name="Customer_is_able_to_click_on_the_viewcart_button" time="0.0">
    <ignored/>
  </testcase> <!-- Customer_is_able_to_click_on_the_viewcart_button -->
  <testcase classname="Oxhead_excel.TestCases" name="redirect_to_Shippingdeliverypage_redirect_to_PaymentpolicyPage_Returnpolicypage_Redirect_to_TermsandConditionspage" time="0.0">
    <ignored/>
  </testcase> <!-- redirect_to_Shippingdeliverypage_redirect_to_PaymentpolicyPage_Returnpolicypage_Redirect_to_TermsandConditionspage -->
  <testcase classname="Oxhead_excel.TestCases" name="Customer_is_able_to_see_the_usgold" time="0.0">
    <ignored/>
  </testcase> <!-- Customer_is_able_to_see_the_usgold -->
  <testcase classname="Oxhead_excel.TestCases" name="Customer_is_able_to_Redirect_to_the_Blogpage_Customer_is_able_to_Redirect_to_the_invest_in_guidepage_Customer_is_able_to_Redirect_to_the_Silverpricespage_goldpricespage_LocalDirectorypage_Coinvaluespage_Salestaxpage_Custumer_is_able_to_click_on_links_when_cursor_is_placed_on_the_words_itis_able_to_click_on_linkns_cursor_is_placed_outside" time="0.0">
    <ignored/>
  </testcase> <!-- Customer_is_able_to_Redirect_to_the_Blogpage_Customer_is_able_to_Redirect_to_the_invest_in_guidepage_Customer_is_able_to_Redirect_to_the_Silverpricespage_goldpricespage_LocalDirectorypage_Coinvaluespage_Salestaxpage_Custumer_is_able_to_click_on_links_when_cursor_is_placed_on_the_words_itis_able_to_click_on_linkns_cursor_is_placed_outside -->
  <testcase classname="Oxhead_excel.TestCases" name="Customer_Is_Able_To_See_The_Silver_On_Browse_Catagories" time="0.0">
    <ignored/>
  </testcase> <!-- Customer_Is_Able_To_See_The_Silver_On_Browse_Catagories -->
  <testcase classname="Oxhead_excel.TestCases" name="Customer_is_able_to_see_the_silver_bulletts" time="0.0">
    <ignored/>
  </testcase> <!-- Customer_is_able_to_see_the_silver_bulletts -->
  <testcase classname="Oxhead_excel.TestCases" name="Customer_is_able_to_login_with_Facebook" time="0.0">
    <ignored/>
  </testcase> <!-- Customer_is_able_to_login_with_Facebook -->
  <testcase classname="Oxhead_excel.TestCases" name="user_is_able_to_edit_the_billingaddress" time="0.0">
    <ignored/>
  </testcase> <!-- user_is_able_to_edit_the_billingaddress -->
  <testcase classname="Oxhead_excel.TestCases" name="Customer_is_able_to_login_with_Valid_Username_and_ValidPassword" time="0.0">
    <ignored/>
  </testcase> <!-- Customer_is_able_to_login_with_Valid_Username_and_ValidPassword -->
  <testcase classname="Oxhead_excel.TestCases" name="Customer_is_able_to_see_the_sticky_header_is_fixed_at_that_place_it_is_comingdown" time="0.0">
    <ignored/>
  </testcase> <!-- Customer_is_able_to_see_the_sticky_header_is_fixed_at_that_place_it_is_comingdown -->
  <testcase classname="Oxhead_excel.TestCases" name="customer_Is_Able_To_See_The_HomePage" time="0.0">
    <ignored/>
  </testcase> <!-- customer_Is_Able_To_See_The_HomePage -->
  <testcase classname="Oxhead_excel.TestCases" name="verify_user_is_able_click_on_FAQ_button_and_able_to_see_contactUSPage_and_verify_with_invalid_name_remaining_all_are_valid" time="0.0">
    <ignored/>
  </testcase> <!-- verify_user_is_able_click_on_FAQ_button_and_able_to_see_contactUSPage_and_verify_with_invalid_name_remaining_all_are_valid -->
  <testcase classname="Oxhead_excel.TestCases" name="Customer_is_able_to_see_the_Silverbars" time="0.0">
    <ignored/>
  </testcase> <!-- Customer_is_able_to_see_the_Silverbars -->
  <testcase classname="Oxhead_excel.TestCases" name="Customer_is_able_to_login_with_google" time="0.0">
    <ignored/>
  </testcase> <!-- Customer_is_able_to_login_with_google -->
  <testcase classname="Oxhead_excel.TestCases" name="Customer_Is_Able_To_Logout_From_The_Application" time="0.0">
    <ignored/>
  </testcase> <!-- Customer_Is_Able_To_Logout_From_The_Application -->
  <testcase classname="Oxhead_excel.TestCases" name="Customer_Is_Able_To_See_Product_In_ShoppingCart_Page_From_NewArrivals_page" time="0.0">
    <ignored/>
  </testcase> <!-- Customer_Is_Able_To_See_Product_In_ShoppingCart_Page_From_NewArrivals_page -->
  <testcase classname="Oxhead_excel.TestCases" name="verify_user_is_able_to_see_PrivacyPolicyPage_and_Termsandconditions_page" time="0.0">
    <ignored/>
  </testcase> <!-- verify_user_is_able_to_see_PrivacyPolicyPage_and_Termsandconditions_page -->
  <testcase classname="Oxhead_excel.TestCases" name="please_Enter_Your_Password_Message" time="0.0">
    <ignored/>
  </testcase> <!-- please_Enter_Your_Password_Message -->
  <testcase classname="Oxhead_excel.TestCases" name="select_Allproducts_option_in_the_select_category" time="0.0">
    <ignored/>
  </testcase> <!-- select_Allproducts_option_in_the_select_category -->
  <testcase classname="Oxhead_excel.TestCases" name="Customer_is_able_to_select_the_product_and_Add_product_to_Cart" time="0.0">
    <ignored/>
  </testcase> <!-- Customer_is_able_to_select_the_product_and_Add_product_to_Cart -->
  <testcase classname="Oxhead_excel.TestCases" name="Customer_is_able_to_click_on_update_cart_button" time="0.0">
    <ignored/>
  </testcase> <!-- Customer_is_able_to_click_on_update_cart_button -->
  <testcase classname="Oxhead_excel.TestCases" name="Customer_is_able_to_see_the_canadiangold" time="0.0">
    <ignored/>
  </testcase> <!-- Customer_is_able_to_see_the_canadiangold -->
  <testcase classname="Oxhead_excel.TestCases" name="Customer_should_be_able_to_see_the_About_US_page" time="0.0">
    <ignored/>
  </testcase> <!-- Customer_should_be_able_to_see_the_About_US_page -->
  <testcase classname="Oxhead_excel.TestCases" name="Customer_should_be_able_to_see_any_category_shoul_not_be_there_in_the_wishlist_page" time="0.0">
    <ignored/>
  </testcase> <!-- Customer_should_be_able_to_see_any_category_shoul_not_be_there_in_the_wishlist_page -->
  <testcase classname="Oxhead_excel.TestCases" name="select_Silver_option_in_the_select_category" time="0.0">
    <ignored/>
  </testcase> <!-- select_Silver_option_in_the_select_category -->
  <testcase classname="Oxhead_excel.TestCases" name="password_Does_Not_Match_Message" time="0.0">
    <ignored/>
  </testcase> <!-- password_Does_Not_Match_Message -->
  <testcase classname="Oxhead_excel.TestCases" name="Customer_is_able_to_see_the_silver_coins" time="0.0">
    <ignored/>
  </testcase> <!-- Customer_is_able_to_see_the_silver_coins -->
  <testcase classname="Oxhead_excel.TestCases" name="Customer_is_able_to_see_the_coins_supplies_page_in_Other" time="0.0">
    <ignored/>
  </testcase> <!-- Customer_is_able_to_see_the_coins_supplies_page_in_Other -->
  <testcase classname="Oxhead_excel.TestCases" name="see_The_Bar_In_The_Palladium_Bullion" time="0.0">
    <ignored/>
  </testcase> <!-- see_The_Bar_In_The_Palladium_Bullion -->
  <testcase classname="Oxhead_excel.TestCases" name="click_On_Cross_Mark_Button" time="0.0">
    <ignored/>
  </testcase> <!-- click_On_Cross_Mark_Button -->
  <testcase classname="Oxhead_excel.TestCases" name="verify_with_invalid_orderid_and_valid_billing_mail" time="0.0">
    <ignored/>
  </testcase> <!-- verify_with_invalid_orderid_and_valid_billing_mail -->
  <testcase classname="Oxhead_excel.TestCases" name="customer_Is_Able_To_See_The_OrderDetails" time="0.0">
    <ignored/>
  </testcase> <!-- customer_Is_Able_To_See_The_OrderDetails -->
  <testcase classname="Oxhead_excel.TestCases" name="verify_customer_is_able_to_see_trackanorder_logo_and_oxheadlogo_same_or_not" time="0.0">
    <ignored/>
  </testcase> <!-- verify_customer_is_able_to_see_trackanorder_logo_and_oxheadlogo_same_or_not -->
  <testcase classname="Oxhead_excel.TestCases" name="password_DoesNot_Match_Message" time="0.0">
    <ignored/>
  </testcase> <!-- password_DoesNot_Match_Message -->
  <testcase classname="Oxhead_excel.TestCases" name="Customer_is_able_to_see_Address_validated_option_with_valid_data" time="0.0">
    <ignored/>
  </testcase> <!-- Customer_is_able_to_see_Address_validated_option_with_valid_data -->
  <testcase classname="Oxhead_excel.TestCases" name="click_On_Close_Button" time="0.0">
    <ignored/>
  </testcase> <!-- click_On_Close_Button -->
  <testcase classname="Oxhead_excel.TestCases" name="Customer_Is_Able_To_See_The_NewArrivals_Page" time="0.0">
    <ignored/>
  </testcase> <!-- Customer_Is_Able_To_See_The_NewArrivals_Page -->
  <testcase classname="Oxhead_excel.TestCases" name="select_Platinum_option_in_the_select_category" time="0.0">
    <ignored/>
  </testcase> <!-- select_Platinum_option_in_the_select_category -->
  <testcase classname="Oxhead_excel.TestCases" name="Customer_Is_Able_To_See_The_AllProducts_On_Browse_Catagories" time="0.0">
    <ignored/>
  </testcase> <!-- Customer_Is_Able_To_See_The_AllProducts_On_Browse_Catagories -->
  <testcase classname="Oxhead_excel.TestCases" name="Customer_Is_Able_To_See_The_Platinum_On_Browse_Catagories" time="0.0">
    <ignored/>
  </testcase> <!-- Customer_Is_Able_To_See_The_Platinum_On_Browse_Catagories -->
  <testcase classname="Oxhead_excel.TestCases" name="Customer_is_able_to_Redirect_to_PrivacyPolicypage_and_Customer_is_able_to_redirect_to_Salestaxpage" time="0.0">
    <ignored/>
  </testcase> <!-- Customer_is_able_to_Redirect_to_PrivacyPolicypage_and_Customer_is_able_to_redirect_to_Salestaxpage -->
  <testcase classname="Oxhead_excel.TestCases" name="Customer_is_able_to_see_the_Austraiangold" time="0.0">
    <ignored/>
  </testcase> <!-- Customer_is_able_to_see_the_Austraiangold -->
  <testcase classname="Oxhead_excel.TestCases" name="select_Blank_option_in_the_select_category" time="0.0">
    <ignored/>
  </testcase> <!-- select_Blank_option_in_the_select_category -->
</testsuite> <!-- TestOnChromeDriver -->
