<?xml version="1.0" encoding="UTF-8"?>
<testng-results ignored="4" total="115" passed="103" failed="8" skipped="0">
  <reporter-output>
  </reporter-output>
  <suite started-at="2022-04-06T11:59:15 IST" name="Default suite" finished-at="2022-04-06T13:05:06 IST" duration-ms="3951239">
    <groups>
    </groups>
    <test started-at="2022-04-06T11:59:15 IST" name="Default test" finished-at="2022-04-06T13:05:06 IST" duration-ms="3951239">
      <class name="Oxhead_excel.TestCases">
        <test-method is-config="true" signature="startReport()[pri:0, instance:Oxhead_excel.TestCases@54422e18]" started-at="2022-04-06T11:59:15 IST" name="startReport" finished-at="2022-04-06T11:59:16 IST" duration-ms="360" status="PASS">
          <reporter-output>
          </reporter-output>
        </test-method> <!-- startReport -->
        <test-method is-config="true" signature="setUp()[pri:0, instance:Oxhead_excel.TestCases@54422e18]" started-at="2022-04-06T11:59:17 IST" name="setUp" finished-at="2022-04-06T11:59:37 IST" duration-ms="19719" status="PASS">
          <reporter-output>
          </reporter-output>
        </test-method> <!-- setUp -->
        <test-method signature="Customer_is_able_to_Register_with_valid_Email(java.lang.String)[pri:1, instance:Oxhead_excel.TestCases@54422e18]" started-at="2022-04-06T11:59:37 IST" name="Customer_is_able_to_Register_with_valid_Email" data-provider="Registrationdata" finished-at="2022-04-06T11:59:48 IST" duration-ms="10667" status="PASS">
          <params>
            <param index="0">
              <value>
                <![CDATA[Admin12@gmail.com]]>
              </value>
            </param>
          </params>
          <reporter-output>
          </reporter-output>
        </test-method> <!-- Customer_is_able_to_Register_with_valid_Email -->
        <test-method is-config="true" signature="getResult(org.testng.ITestResult)[pri:0, instance:Oxhead_excel.TestCases@54422e18]" started-at="2022-04-06T11:59:48 IST" name="getResult" finished-at="2022-04-06T11:59:49 IST" duration-ms="1235" status="PASS">
          <params>
            <param index="0">
              <value>
                <![CDATA[[TestResult name=Customer_is_able_to_Register_with_valid_Email status=SUCCESS method=TestCases.Customer_is_able_to_Register_with_valid_Email(java.lang.String)[pri:1, instance:Oxhead_excel.TestCases@54422e18] output={null}]]]>
              </value>
            </param>
          </params>
          <reporter-output>
          </reporter-output>
        </test-method> <!-- getResult -->
        <test-method is-config="true" signature="setUp()[pri:0, instance:Oxhead_excel.TestCases@54422e18]" started-at="2022-04-06T11:59:49 IST" name="setUp" finished-at="2022-04-06T12:00:04 IST" duration-ms="14856" status="PASS">
          <reporter-output>
          </reporter-output>
        </test-method> <!-- setUp -->
        <test-method signature="Customer_is_able_to_Register_with_valid_Email(java.lang.String)[pri:1, instance:Oxhead_excel.TestCases@54422e18]" started-at="2022-04-06T12:00:04 IST" name="Customer_is_able_to_Register_with_valid_Email" data-provider="Registrationdata" finished-at="2022-04-06T12:00:10 IST" duration-ms="6388" status="PASS">
          <params>
            <param index="0">
              <value>
                <![CDATA[Demo123@gmail.com]]>
              </value>
            </param>
          </params>
          <reporter-output>
          </reporter-output>
        </test-method> <!-- Customer_is_able_to_Register_with_valid_Email -->
        <test-method is-config="true" signature="getResult(org.testng.ITestResult)[pri:0, instance:Oxhead_excel.TestCases@54422e18]" started-at="2022-04-06T12:00:10 IST" name="getResult" finished-at="2022-04-06T12:00:11 IST" duration-ms="983" status="PASS">
          <params>
            <param index="0">
              <value>
                <![CDATA[[TestResult name=Customer_is_able_to_Register_with_valid_Email status=SUCCESS method=TestCases.Customer_is_able_to_Register_with_valid_Email(java.lang.String)[pri:1, instance:Oxhead_excel.TestCases@54422e18] output={null}]]]>
              </value>
            </param>
          </params>
          <reporter-output>
          </reporter-output>
        </test-method> <!-- getResult -->
        <test-method is-config="true" signature="setUp()[pri:0, instance:Oxhead_excel.TestCases@54422e18]" started-at="2022-04-06T12:00:11 IST" name="setUp" finished-at="2022-04-06T12:00:32 IST" duration-ms="21237" status="PASS">
          <reporter-output>
          </reporter-output>
        </test-method> <!-- setUp -->
        <test-method signature="Customer_is_able_to_Register_with_valid_Email(java.lang.String)[pri:1, instance:Oxhead_excel.TestCases@54422e18]" started-at="2022-04-06T12:00:32 IST" name="Customer_is_able_to_Register_with_valid_Email" data-provider="Registrationdata" finished-at="2022-04-06T12:00:42 IST" duration-ms="9573" status="PASS">
          <params>
            <param index="0">
              <value>
                <![CDATA[ksravs09@gmail.com]]>
              </value>
            </param>
          </params>
          <reporter-output>
          </reporter-output>
        </test-method> <!-- Customer_is_able_to_Register_with_valid_Email -->
        <test-method is-config="true" signature="getResult(org.testng.ITestResult)[pri:0, instance:Oxhead_excel.TestCases@54422e18]" started-at="2022-04-06T12:00:42 IST" name="getResult" finished-at="2022-04-06T12:00:43 IST" duration-ms="885" status="PASS">
          <params>
            <param index="0">
              <value>
                <![CDATA[[TestResult name=Customer_is_able_to_Register_with_valid_Email status=SUCCESS method=TestCases.Customer_is_able_to_Register_with_valid_Email(java.lang.String)[pri:1, instance:Oxhead_excel.TestCases@54422e18] output={null}]]]>
              </value>
            </param>
          </params>
          <reporter-output>
          </reporter-output>
        </test-method> <!-- getResult -->
        <test-method is-config="true" signature="setUp()[pri:0, instance:Oxhead_excel.TestCases@54422e18]" started-at="2022-04-06T12:00:43 IST" name="setUp" finished-at="2022-04-06T12:00:58 IST" duration-ms="15706" status="PASS">
          <reporter-output>
          </reporter-output>
        </test-method> <!-- setUp -->
        <test-method signature="Customer_is_able_to_Register_with_valid_Email(java.lang.String)[pri:1, instance:Oxhead_excel.TestCases@54422e18]" started-at="2022-04-06T12:00:58 IST" name="Customer_is_able_to_Register_with_valid_Email" data-provider="Registrationdata" finished-at="2022-04-06T12:01:11 IST" duration-ms="12190" status="PASS">
          <params>
            <param index="0">
              <value>
                <![CDATA[sravya123@gmail.com]]>
              </value>
            </param>
          </params>
          <reporter-output>
          </reporter-output>
        </test-method> <!-- Customer_is_able_to_Register_with_valid_Email -->
        <test-method is-config="true" signature="getResult(org.testng.ITestResult)[pri:0, instance:Oxhead_excel.TestCases@54422e18]" started-at="2022-04-06T12:01:11 IST" name="getResult" finished-at="2022-04-06T12:01:12 IST" duration-ms="975" status="PASS">
          <params>
            <param index="0">
              <value>
                <![CDATA[[TestResult name=Customer_is_able_to_Register_with_valid_Email status=SUCCESS method=TestCases.Customer_is_able_to_Register_with_valid_Email(java.lang.String)[pri:1, instance:Oxhead_excel.TestCases@54422e18] output={null}]]]>
              </value>
            </param>
          </params>
          <reporter-output>
          </reporter-output>
        </test-method> <!-- getResult -->
        <test-method is-config="true" signature="setUp()[pri:0, instance:Oxhead_excel.TestCases@54422e18]" started-at="2022-04-06T12:01:12 IST" name="setUp" finished-at="2022-04-06T12:01:27 IST" duration-ms="15551" status="PASS">
          <reporter-output>
          </reporter-output>
        </test-method> <!-- setUp -->
        <test-method signature="Customer_is_able_to_login_with_google()[pri:3, instance:Oxhead_excel.TestCases@54422e18]" started-at="2022-04-06T12:01:27 IST" name="Customer_is_able_to_login_with_google" finished-at="2022-04-06T12:01:32 IST" duration-ms="4920" status="PASS">
          <reporter-output>
          </reporter-output>
        </test-method> <!-- Customer_is_able_to_login_with_google -->
        <test-method is-config="true" signature="getResult(org.testng.ITestResult)[pri:0, instance:Oxhead_excel.TestCases@54422e18]" started-at="2022-04-06T12:01:32 IST" name="getResult" finished-at="2022-04-06T12:01:33 IST" duration-ms="822" status="PASS">
          <params>
            <param index="0">
              <value>
                <![CDATA[[TestResult name=Customer_is_able_to_login_with_google status=SUCCESS method=TestCases.Customer_is_able_to_login_with_google()[pri:3, instance:Oxhead_excel.TestCases@54422e18] output={null}]]]>
              </value>
            </param>
          </params>
          <reporter-output>
          </reporter-output>
        </test-method> <!-- getResult -->
        <test-method is-config="true" signature="setUp()[pri:0, instance:Oxhead_excel.TestCases@54422e18]" started-at="2022-04-06T12:01:33 IST" name="setUp" finished-at="2022-04-06T12:01:50 IST" duration-ms="17141" status="PASS">
          <reporter-output>
          </reporter-output>
        </test-method> <!-- setUp -->
        <test-method signature="Customer_is_able_to_login_with_Facebook()[pri:4, instance:Oxhead_excel.TestCases@54422e18]" started-at="2022-04-06T12:01:50 IST" name="Customer_is_able_to_login_with_Facebook" finished-at="2022-04-06T12:01:55 IST" duration-ms="4698" status="PASS">
          <reporter-output>
          </reporter-output>
        </test-method> <!-- Customer_is_able_to_login_with_Facebook -->
        <test-method is-config="true" signature="getResult(org.testng.ITestResult)[pri:0, instance:Oxhead_excel.TestCases@54422e18]" started-at="2022-04-06T12:01:55 IST" name="getResult" finished-at="2022-04-06T12:01:56 IST" duration-ms="802" status="PASS">
          <params>
            <param index="0">
              <value>
                <![CDATA[[TestResult name=Customer_is_able_to_login_with_Facebook status=SUCCESS method=TestCases.Customer_is_able_to_login_with_Facebook()[pri:4, instance:Oxhead_excel.TestCases@54422e18] output={null}]]]>
              </value>
            </param>
          </params>
          <reporter-output>
          </reporter-output>
        </test-method> <!-- getResult -->
        <test-method is-config="true" signature="setUp()[pri:0, instance:Oxhead_excel.TestCases@54422e18]" started-at="2022-04-06T12:01:56 IST" name="setUp" finished-at="2022-04-06T12:02:12 IST" duration-ms="16730" status="PASS">
          <reporter-output>
          </reporter-output>
        </test-method> <!-- setUp -->
        <test-method signature="click_On_Remeber_Me_CheckBox()[pri:5, instance:Oxhead_excel.TestCases@54422e18]" started-at="2022-04-06T12:02:12 IST" name="click_On_Remeber_Me_CheckBox" finished-at="2022-04-06T12:02:26 IST" duration-ms="14121" status="PASS">
          <reporter-output>
          </reporter-output>
        </test-method> <!-- click_On_Remeber_Me_CheckBox -->
        <test-method is-config="true" signature="getResult(org.testng.ITestResult)[pri:0, instance:Oxhead_excel.TestCases@54422e18]" started-at="2022-04-06T12:02:26 IST" name="getResult" finished-at="2022-04-06T12:02:27 IST" duration-ms="774" status="PASS">
          <params>
            <param index="0">
              <value>
                <![CDATA[[TestResult name=click_On_Remeber_Me_CheckBox status=SUCCESS method=TestCases.click_On_Remeber_Me_CheckBox()[pri:5, instance:Oxhead_excel.TestCases@54422e18] output={null}]]]>
              </value>
            </param>
          </params>
          <reporter-output>
          </reporter-output>
        </test-method> <!-- getResult -->
        <test-method is-config="true" signature="setUp()[pri:0, instance:Oxhead_excel.TestCases@54422e18]" started-at="2022-04-06T12:02:27 IST" name="setUp" finished-at="2022-04-06T12:02:44 IST" duration-ms="16638" status="PASS">
          <reporter-output>
          </reporter-output>
        </test-method> <!-- setUp -->
        <test-method signature="click_On_Lost_Your_Password_Link()[pri:6, instance:Oxhead_excel.TestCases@54422e18]" started-at="2022-04-06T12:02:44 IST" name="click_On_Lost_Your_Password_Link" finished-at="2022-04-06T12:02:51 IST" duration-ms="6865" status="PASS">
          <reporter-output>
          </reporter-output>
        </test-method> <!-- click_On_Lost_Your_Password_Link -->
        <test-method is-config="true" signature="getResult(org.testng.ITestResult)[pri:0, instance:Oxhead_excel.TestCases@54422e18]" started-at="2022-04-06T12:02:51 IST" name="getResult" finished-at="2022-04-06T12:02:52 IST" duration-ms="893" status="PASS">
          <params>
            <param index="0">
              <value>
                <![CDATA[[TestResult name=click_On_Lost_Your_Password_Link status=SUCCESS method=TestCases.click_On_Lost_Your_Password_Link()[pri:6, instance:Oxhead_excel.TestCases@54422e18] output={null}]]]>
              </value>
            </param>
          </params>
          <reporter-output>
          </reporter-output>
        </test-method> <!-- getResult -->
        <test-method is-config="true" signature="setUp()[pri:0, instance:Oxhead_excel.TestCases@54422e18]" started-at="2022-04-06T12:02:52 IST" name="setUp" finished-at="2022-04-06T12:03:08 IST" duration-ms="16094" status="PASS">
          <reporter-output>
          </reporter-output>
        </test-method> <!-- setUp -->
        <test-method signature="click_On_Create_An_Account_Link()[pri:7, instance:Oxhead_excel.TestCases@54422e18]" started-at="2022-04-06T12:03:08 IST" name="click_On_Create_An_Account_Link" finished-at="2022-04-06T12:03:14 IST" duration-ms="6028" status="PASS">
          <reporter-output>
          </reporter-output>
        </test-method> <!-- click_On_Create_An_Account_Link -->
        <test-method is-config="true" signature="getResult(org.testng.ITestResult)[pri:0, instance:Oxhead_excel.TestCases@54422e18]" started-at="2022-04-06T12:03:14 IST" name="getResult" finished-at="2022-04-06T12:03:15 IST" duration-ms="812" status="PASS">
          <params>
            <param index="0">
              <value>
                <![CDATA[[TestResult name=click_On_Create_An_Account_Link status=SUCCESS method=TestCases.click_On_Create_An_Account_Link()[pri:7, instance:Oxhead_excel.TestCases@54422e18] output={null}]]]>
              </value>
            </param>
          </params>
          <reporter-output>
          </reporter-output>
        </test-method> <!-- getResult -->
        <test-method is-config="true" signature="setUp()[pri:0, instance:Oxhead_excel.TestCases@54422e18]" started-at="2022-04-06T12:03:15 IST" name="setUp" finished-at="2022-04-06T12:03:29 IST" duration-ms="14360" status="PASS">
          <reporter-output>
          </reporter-output>
        </test-method> <!-- setUp -->
        <test-method signature="click_On_Cross_Mark_Button()[pri:8, instance:Oxhead_excel.TestCases@54422e18]" started-at="2022-04-06T12:03:29 IST" name="click_On_Cross_Mark_Button" finished-at="2022-04-06T12:03:30 IST" duration-ms="1363" status="PASS">
          <reporter-output>
          </reporter-output>
        </test-method> <!-- click_On_Cross_Mark_Button -->
        <test-method is-config="true" signature="getResult(org.testng.ITestResult)[pri:0, instance:Oxhead_excel.TestCases@54422e18]" started-at="2022-04-06T12:03:30 IST" name="getResult" finished-at="2022-04-06T12:03:31 IST" duration-ms="954" status="PASS">
          <params>
            <param index="0">
              <value>
                <![CDATA[[TestResult name=click_On_Cross_Mark_Button status=SUCCESS method=TestCases.click_On_Cross_Mark_Button()[pri:8, instance:Oxhead_excel.TestCases@54422e18] output={null}]]]>
              </value>
            </param>
          </params>
          <reporter-output>
          </reporter-output>
        </test-method> <!-- getResult -->
        <test-method is-config="true" signature="setUp()[pri:0, instance:Oxhead_excel.TestCases@54422e18]" started-at="2022-04-06T12:03:31 IST" name="setUp" finished-at="2022-04-06T12:03:49 IST" duration-ms="17734" status="PASS">
          <reporter-output>
          </reporter-output>
        </test-method> <!-- setUp -->
        <test-method signature="click_On_Close_Button()[pri:9, instance:Oxhead_excel.TestCases@54422e18]" started-at="2022-04-06T12:03:49 IST" name="click_On_Close_Button" finished-at="2022-04-06T12:03:49 IST" duration-ms="175" status="PASS">
          <reporter-output>
          </reporter-output>
        </test-method> <!-- click_On_Close_Button -->
        <test-method is-config="true" signature="getResult(org.testng.ITestResult)[pri:0, instance:Oxhead_excel.TestCases@54422e18]" started-at="2022-04-06T12:03:49 IST" name="getResult" finished-at="2022-04-06T12:03:50 IST" duration-ms="849" status="PASS">
          <params>
            <param index="0">
              <value>
                <![CDATA[[TestResult name=click_On_Close_Button status=SUCCESS method=TestCases.click_On_Close_Button()[pri:9, instance:Oxhead_excel.TestCases@54422e18] output={null}]]]>
              </value>
            </param>
          </params>
          <reporter-output>
          </reporter-output>
        </test-method> <!-- getResult -->
        <test-method is-config="true" signature="setUp()[pri:0, instance:Oxhead_excel.TestCases@54422e18]" started-at="2022-04-06T12:03:50 IST" name="setUp" finished-at="2022-04-06T12:04:06 IST" duration-ms="16444" status="PASS">
          <reporter-output>
          </reporter-output>
        </test-method> <!-- setUp -->
        <test-method signature="Customer_Ablet_To_Do_SignUp_With_Valid_Email_Address()[pri:10, instance:Oxhead_excel.TestCases@54422e18]" started-at="2022-04-06T12:04:06 IST" name="Customer_Ablet_To_Do_SignUp_With_Valid_Email_Address" finished-at="2022-04-06T12:04:15 IST" duration-ms="8750" status="PASS">
          <reporter-output>
          </reporter-output>
        </test-method> <!-- Customer_Ablet_To_Do_SignUp_With_Valid_Email_Address -->
        <test-method is-config="true" signature="getResult(org.testng.ITestResult)[pri:0, instance:Oxhead_excel.TestCases@54422e18]" started-at="2022-04-06T12:04:15 IST" name="getResult" finished-at="2022-04-06T12:04:16 IST" duration-ms="830" status="PASS">
          <params>
            <param index="0">
              <value>
                <![CDATA[[TestResult name=Customer_Ablet_To_Do_SignUp_With_Valid_Email_Address status=SUCCESS method=TestCases.Customer_Ablet_To_Do_SignUp_With_Valid_Email_Address()[pri:10, instance:Oxhead_excel.TestCases@54422e18] output={null}]]]>
              </value>
            </param>
          </params>
          <reporter-output>
          </reporter-output>
        </test-method> <!-- getResult -->
        <test-method is-config="true" signature="setUp()[pri:0, instance:Oxhead_excel.TestCases@54422e18]" started-at="2022-04-06T12:04:16 IST" name="setUp" finished-at="2022-04-06T12:04:31 IST" duration-ms="15255" status="PASS">
          <reporter-output>
          </reporter-output>
        </test-method> <!-- setUp -->
        <test-method signature="Customer_should_be_able_to_see_the_About_US_page()[pri:11, instance:Oxhead_excel.TestCases@54422e18]" started-at="2022-04-06T12:04:31 IST" name="Customer_should_be_able_to_see_the_About_US_page" finished-at="2022-04-06T12:04:34 IST" duration-ms="2802" status="PASS">
          <reporter-output>
          </reporter-output>
        </test-method> <!-- Customer_should_be_able_to_see_the_About_US_page -->
        <test-method is-config="true" signature="getResult(org.testng.ITestResult)[pri:0, instance:Oxhead_excel.TestCases@54422e18]" started-at="2022-04-06T12:04:34 IST" name="getResult" finished-at="2022-04-06T12:04:35 IST" duration-ms="769" status="PASS">
          <params>
            <param index="0">
              <value>
                <![CDATA[[TestResult name=Customer_should_be_able_to_see_the_About_US_page status=SUCCESS method=TestCases.Customer_should_be_able_to_see_the_About_US_page()[pri:11, instance:Oxhead_excel.TestCases@54422e18] output={null}]]]>
              </value>
            </param>
          </params>
          <reporter-output>
          </reporter-output>
        </test-method> <!-- getResult -->
        <test-method is-config="true" signature="setUp()[pri:0, instance:Oxhead_excel.TestCases@54422e18]" started-at="2022-04-06T12:04:35 IST" name="setUp" finished-at="2022-04-06T12:04:46 IST" duration-ms="10774" status="PASS">
          <reporter-output>
          </reporter-output>
        </test-method> <!-- setUp -->
        <test-method signature="Customer_should_be_able_to_click_on_all_the_sociallinks()[pri:12, instance:Oxhead_excel.TestCases@54422e18]" started-at="2022-04-06T12:04:46 IST" name="Customer_should_be_able_to_click_on_all_the_sociallinks" finished-at="2022-04-06T12:05:03 IST" duration-ms="17831" status="PASS">
          <reporter-output>
          </reporter-output>
        </test-method> <!-- Customer_should_be_able_to_click_on_all_the_sociallinks -->
        <test-method is-config="true" signature="getResult(org.testng.ITestResult)[pri:0, instance:Oxhead_excel.TestCases@54422e18]" started-at="2022-04-06T12:05:03 IST" name="getResult" finished-at="2022-04-06T12:05:04 IST" duration-ms="1034" status="PASS">
          <params>
            <param index="0">
              <value>
                <![CDATA[[TestResult name=Customer_should_be_able_to_click_on_all_the_sociallinks status=SUCCESS method=TestCases.Customer_should_be_able_to_click_on_all_the_sociallinks()[pri:12, instance:Oxhead_excel.TestCases@54422e18] output={null}]]]>
              </value>
            </param>
          </params>
          <reporter-output>
          </reporter-output>
        </test-method> <!-- getResult -->
        <test-method is-config="true" signature="setUp()[pri:0, instance:Oxhead_excel.TestCases@54422e18]" started-at="2022-04-06T12:05:05 IST" name="setUp" finished-at="2022-04-06T12:05:20 IST" duration-ms="15030" status="PASS">
          <reporter-output>
          </reporter-output>
        </test-method> <!-- setUp -->
        <test-method signature="Customer_is_able_to_fill_valid_details_and_able_to_see_Thanku_for_ur_message(java.lang.String,java.lang.String,java.lang.String,java.lang.String,java.lang.String)[pri:13, instance:Oxhead_excel.TestCases@54422e18]" started-at="2022-04-06T12:05:20 IST" name="Customer_is_able_to_fill_valid_details_and_able_to_see_Thanku_for_ur_message" data-provider="getData" finished-at="2022-04-06T12:05:35 IST" duration-ms="15496" status="PASS">
          <params>
            <param index="0">
              <value>
                <![CDATA[vinitha]]>
              </value>
            </param>
            <param index="1">
              <value>
                <![CDATA[vinithab211@gmail.com]]>
              </value>
            </param>
            <param index="2">
              <value>
                <![CDATA[9550447580]]>
              </value>
            </param>
            <param index="3">
              <value>
                <![CDATA[RGT]]>
              </value>
            </param>
            <param index="4">
              <value>
                <![CDATA[gold]]>
              </value>
            </param>
          </params>
          <reporter-output>
          </reporter-output>
        </test-method> <!-- Customer_is_able_to_fill_valid_details_and_able_to_see_Thanku_for_ur_message -->
        <test-method is-config="true" signature="getResult(org.testng.ITestResult)[pri:0, instance:Oxhead_excel.TestCases@54422e18]" started-at="2022-04-06T12:05:35 IST" name="getResult" finished-at="2022-04-06T12:05:36 IST" duration-ms="793" status="PASS">
          <params>
            <param index="0">
              <value>
                <![CDATA[[TestResult name=Customer_is_able_to_fill_valid_details_and_able_to_see_Thanku_for_ur_message status=SUCCESS method=TestCases.Customer_is_able_to_fill_valid_details_and_able_to_see_Thanku_for_ur_message(java.lang.String,java.lang.String,java.lang.String,java.lang.String,java.lang.String)[pri:13, instance:Oxhead_excel.TestCases@54422e18] output={null}]]]>
              </value>
            </param>
          </params>
          <reporter-output>
          </reporter-output>
        </test-method> <!-- getResult -->
        <test-method is-config="true" signature="setUp()[pri:0, instance:Oxhead_excel.TestCases@54422e18]" started-at="2022-04-06T12:05:36 IST" name="setUp" finished-at="2022-04-06T12:05:51 IST" duration-ms="14513" status="PASS">
          <reporter-output>
          </reporter-output>
        </test-method> <!-- setUp -->
        <test-method signature="Customer_is_able_to_fill_invalid_details_for_ContactUSPage_and_not_able_to_see_Thanku_for_ur_message(java.lang.String,java.lang.String,java.lang.String,java.lang.String,java.lang.String)[pri:14, instance:Oxhead_excel.TestCases@54422e18]" started-at="2022-04-06T12:05:51 IST" name="Customer_is_able_to_fill_invalid_details_for_ContactUSPage_and_not_able_to_see_Thanku_for_ur_message" data-provider="getData2" finished-at="2022-04-06T12:05:59 IST" duration-ms="8549" status="PASS">
          <params>
            <param index="0">
              <value>
                <![CDATA[1$vi+vi]]>
              </value>
            </param>
            <param index="1">
              <value>
                <![CDATA[vinithab211@gmail.com]]>
              </value>
            </param>
            <param index="2">
              <value>
                <![CDATA[9550457580]]>
              </value>
            </param>
            <param index="3">
              <value>
                <![CDATA[$123]]>
              </value>
            </param>
            <param index="4">
              <value>
                <![CDATA[gold]]>
              </value>
            </param>
          </params>
          <reporter-output>
          </reporter-output>
        </test-method> <!-- Customer_is_able_to_fill_invalid_details_for_ContactUSPage_and_not_able_to_see_Thanku_for_ur_message -->
        <test-method is-config="true" signature="getResult(org.testng.ITestResult)[pri:0, instance:Oxhead_excel.TestCases@54422e18]" started-at="2022-04-06T12:05:59 IST" name="getResult" finished-at="2022-04-06T12:06:00 IST" duration-ms="787" status="PASS">
          <params>
            <param index="0">
              <value>
                <![CDATA[[TestResult name=Customer_is_able_to_fill_invalid_details_for_ContactUSPage_and_not_able_to_see_Thanku_for_ur_message status=SUCCESS method=TestCases.Customer_is_able_to_fill_invalid_details_for_ContactUSPage_and_not_able_to_see_Thanku_for_ur_message(java.lang.String,java.lang.String,java.lang.String,java.lang.String,java.lang.String)[pri:14, instance:Oxhead_excel.TestCases@54422e18] output={null}]]]>
              </value>
            </param>
          </params>
          <reporter-output>
          </reporter-output>
        </test-method> <!-- getResult -->
        <test-method is-config="true" signature="setUp()[pri:0, instance:Oxhead_excel.TestCases@54422e18]" started-at="2022-04-06T12:06:00 IST" name="setUp" finished-at="2022-04-06T12:06:16 IST" duration-ms="16143" status="PASS">
          <reporter-output>
          </reporter-output>
        </test-method> <!-- setUp -->
        <test-method signature="Customer_is_able_to_fill_invalid_details_for_ContactUSPage_and_not_able_to_see_Thanku_for_ur_message(java.lang.String,java.lang.String,java.lang.String,java.lang.String,java.lang.String)[pri:14, instance:Oxhead_excel.TestCases@54422e18]" started-at="2022-04-06T12:06:16 IST" name="Customer_is_able_to_fill_invalid_details_for_ContactUSPage_and_not_able_to_see_Thanku_for_ur_message" data-provider="getData2" finished-at="2022-04-06T12:06:25 IST" duration-ms="8824" status="PASS">
          <params>
            <param index="0">
              <value>
                <![CDATA[vinitha12+]]>
              </value>
            </param>
            <param index="1">
              <value>
                <![CDATA[vinithab211@gm-il.c124]]>
              </value>
            </param>
            <param index="2">
              <value>
                <![CDATA[9550457580]]>
              </value>
            </param>
            <param index="3">
              <value>
                <![CDATA[RGT]]>
              </value>
            </param>
            <param index="4">
              <value>
                <![CDATA[gold]]>
              </value>
            </param>
          </params>
          <reporter-output>
          </reporter-output>
        </test-method> <!-- Customer_is_able_to_fill_invalid_details_for_ContactUSPage_and_not_able_to_see_Thanku_for_ur_message -->
        <test-method is-config="true" signature="getResult(org.testng.ITestResult)[pri:0, instance:Oxhead_excel.TestCases@54422e18]" started-at="2022-04-06T12:06:25 IST" name="getResult" finished-at="2022-04-06T12:06:26 IST" duration-ms="820" status="PASS">
          <params>
            <param index="0">
              <value>
                <![CDATA[[TestResult name=Customer_is_able_to_fill_invalid_details_for_ContactUSPage_and_not_able_to_see_Thanku_for_ur_message status=SUCCESS method=TestCases.Customer_is_able_to_fill_invalid_details_for_ContactUSPage_and_not_able_to_see_Thanku_for_ur_message(java.lang.String,java.lang.String,java.lang.String,java.lang.String,java.lang.String)[pri:14, instance:Oxhead_excel.TestCases@54422e18] output={null}]]]>
              </value>
            </param>
          </params>
          <reporter-output>
          </reporter-output>
        </test-method> <!-- getResult -->
        <test-method is-config="true" signature="setUp()[pri:0, instance:Oxhead_excel.TestCases@54422e18]" started-at="2022-04-06T12:06:26 IST" name="setUp" finished-at="2022-04-06T12:06:43 IST" duration-ms="17840" status="PASS">
          <reporter-output>
          </reporter-output>
        </test-method> <!-- setUp -->
        <test-method signature="Customer_is_able_to_fill_invalid_details_for_ContactUSPage_and_not_able_to_see_Thanku_for_ur_message(java.lang.String,java.lang.String,java.lang.String,java.lang.String,java.lang.String)[pri:14, instance:Oxhead_excel.TestCases@54422e18]" started-at="2022-04-06T12:06:43 IST" name="Customer_is_able_to_fill_invalid_details_for_ContactUSPage_and_not_able_to_see_Thanku_for_ur_message" data-provider="getData2" finished-at="2022-04-06T12:06:52 IST" duration-ms="8932" status="PASS">
          <params>
            <param index="0">
              <value>
                <![CDATA[vinitha12+]]>
              </value>
            </param>
            <param index="1">
              <value>
                <![CDATA[vini+%451@gm-il.c124]]>
              </value>
            </param>
            <param index="2">
              <value>
                <![CDATA[9550]]>
              </value>
            </param>
            <param index="3">
              <value>
                <![CDATA[RGT]]>
              </value>
            </param>
            <param index="4">
              <value>
                <![CDATA[gold]]>
              </value>
            </param>
          </params>
          <reporter-output>
          </reporter-output>
        </test-method> <!-- Customer_is_able_to_fill_invalid_details_for_ContactUSPage_and_not_able_to_see_Thanku_for_ur_message -->
        <test-method is-config="true" signature="getResult(org.testng.ITestResult)[pri:0, instance:Oxhead_excel.TestCases@54422e18]" started-at="2022-04-06T12:06:52 IST" name="getResult" finished-at="2022-04-06T12:06:53 IST" duration-ms="832" status="PASS">
          <params>
            <param index="0">
              <value>
                <![CDATA[[TestResult name=Customer_is_able_to_fill_invalid_details_for_ContactUSPage_and_not_able_to_see_Thanku_for_ur_message status=SUCCESS method=TestCases.Customer_is_able_to_fill_invalid_details_for_ContactUSPage_and_not_able_to_see_Thanku_for_ur_message(java.lang.String,java.lang.String,java.lang.String,java.lang.String,java.lang.String)[pri:14, instance:Oxhead_excel.TestCases@54422e18] output={null}]]]>
              </value>
            </param>
          </params>
          <reporter-output>
          </reporter-output>
        </test-method> <!-- getResult -->
        <test-method is-config="true" signature="setUp()[pri:0, instance:Oxhead_excel.TestCases@54422e18]" started-at="2022-04-06T12:06:53 IST" name="setUp" finished-at="2022-04-06T12:07:14 IST" duration-ms="21229" status="PASS">
          <reporter-output>
          </reporter-output>
        </test-method> <!-- setUp -->
        <test-method signature="Customer_is_able_to_fill_invalid_details_for_ContactUSPage_and_not_able_to_see_Thanku_for_ur_message(java.lang.String,java.lang.String,java.lang.String,java.lang.String,java.lang.String)[pri:14, instance:Oxhead_excel.TestCases@54422e18]" started-at="2022-04-06T12:07:14 IST" name="Customer_is_able_to_fill_invalid_details_for_ContactUSPage_and_not_able_to_see_Thanku_for_ur_message" data-provider="getData2" finished-at="2022-04-06T12:07:24 IST" duration-ms="9066" status="PASS">
          <params>
            <param index="0">
              <value>
                <![CDATA[vinitha]]>
              </value>
            </param>
            <param index="1">
              <value>
                <![CDATA[]]>
              </value>
            </param>
            <param index="2">
              <value>
                <![CDATA[9550457580]]>
              </value>
            </param>
            <param index="3">
              <value>
                <![CDATA[RGT]]>
              </value>
            </param>
            <param index="4">
              <value>
                <![CDATA[gold]]>
              </value>
            </param>
          </params>
          <reporter-output>
          </reporter-output>
        </test-method> <!-- Customer_is_able_to_fill_invalid_details_for_ContactUSPage_and_not_able_to_see_Thanku_for_ur_message -->
        <test-method is-config="true" signature="getResult(org.testng.ITestResult)[pri:0, instance:Oxhead_excel.TestCases@54422e18]" started-at="2022-04-06T12:07:24 IST" name="getResult" finished-at="2022-04-06T12:07:24 IST" duration-ms="873" status="PASS">
          <params>
            <param index="0">
              <value>
                <![CDATA[[TestResult name=Customer_is_able_to_fill_invalid_details_for_ContactUSPage_and_not_able_to_see_Thanku_for_ur_message status=SUCCESS method=TestCases.Customer_is_able_to_fill_invalid_details_for_ContactUSPage_and_not_able_to_see_Thanku_for_ur_message(java.lang.String,java.lang.String,java.lang.String,java.lang.String,java.lang.String)[pri:14, instance:Oxhead_excel.TestCases@54422e18] output={null}]]]>
              </value>
            </param>
          </params>
          <reporter-output>
          </reporter-output>
        </test-method> <!-- getResult -->
        <test-method is-config="true" signature="setUp()[pri:0, instance:Oxhead_excel.TestCases@54422e18]" started-at="2022-04-06T12:07:24 IST" name="setUp" finished-at="2022-04-06T12:07:40 IST" duration-ms="15577" status="PASS">
          <reporter-output>
          </reporter-output>
        </test-method> <!-- setUp -->
        <test-method signature="Customer_is_able_to_fill_invalid_details_for_ContactUSPage_and_not_able_to_see_Thanku_for_ur_message(java.lang.String,java.lang.String,java.lang.String,java.lang.String,java.lang.String)[pri:14, instance:Oxhead_excel.TestCases@54422e18]" started-at="2022-04-06T12:07:40 IST" name="Customer_is_able_to_fill_invalid_details_for_ContactUSPage_and_not_able_to_see_Thanku_for_ur_message" data-provider="getData2" finished-at="2022-04-06T12:07:49 IST" duration-ms="8811" status="PASS">
          <params>
            <param index="0">
              <value>
                <![CDATA[vi1234*]]>
              </value>
            </param>
            <param index="1">
              <value>
                <![CDATA[vinit%^@gma123.co]]>
              </value>
            </param>
            <param index="2">
              <value>
                <![CDATA[9550457580]]>
              </value>
            </param>
            <param index="3">
              <value>
                <![CDATA[RGT]]>
              </value>
            </param>
            <param index="4">
              <value>
                <![CDATA[gold]]>
              </value>
            </param>
          </params>
          <reporter-output>
          </reporter-output>
        </test-method> <!-- Customer_is_able_to_fill_invalid_details_for_ContactUSPage_and_not_able_to_see_Thanku_for_ur_message -->
        <test-method is-config="true" signature="getResult(org.testng.ITestResult)[pri:0, instance:Oxhead_excel.TestCases@54422e18]" started-at="2022-04-06T12:07:49 IST" name="getResult" finished-at="2022-04-06T12:07:50 IST" duration-ms="815" status="PASS">
          <params>
            <param index="0">
              <value>
                <![CDATA[[TestResult name=Customer_is_able_to_fill_invalid_details_for_ContactUSPage_and_not_able_to_see_Thanku_for_ur_message status=SUCCESS method=TestCases.Customer_is_able_to_fill_invalid_details_for_ContactUSPage_and_not_able_to_see_Thanku_for_ur_message(java.lang.String,java.lang.String,java.lang.String,java.lang.String,java.lang.String)[pri:14, instance:Oxhead_excel.TestCases@54422e18] output={null}]]]>
              </value>
            </param>
          </params>
          <reporter-output>
          </reporter-output>
        </test-method> <!-- getResult -->
        <test-method is-config="true" signature="setUp()[pri:0, instance:Oxhead_excel.TestCases@54422e18]" started-at="2022-04-06T12:07:50 IST" name="setUp" finished-at="2022-04-06T12:08:07 IST" duration-ms="17284" status="PASS">
          <reporter-output>
          </reporter-output>
        </test-method> <!-- setUp -->
        <test-method signature="Customer_is_able_to_fill_invalid_details_for_ContactUSPage_and_not_able_to_see_Thanku_for_ur_message(java.lang.String,java.lang.String,java.lang.String,java.lang.String,java.lang.String)[pri:14, instance:Oxhead_excel.TestCases@54422e18]" started-at="2022-04-06T12:08:07 IST" name="Customer_is_able_to_fill_invalid_details_for_ContactUSPage_and_not_able_to_see_Thanku_for_ur_message" data-provider="getData2" finished-at="2022-04-06T12:08:15 IST" duration-ms="8484" status="PASS">
          <params>
            <param index="0">
              <value>
                <![CDATA[]]>
              </value>
            </param>
            <param index="1">
              <value>
                <![CDATA[vinithab211@gmail.com]]>
              </value>
            </param>
            <param index="2">
              <value>
                <![CDATA[9550457580]]>
              </value>
            </param>
            <param index="3">
              <value>
                <![CDATA[RGT]]>
              </value>
            </param>
            <param index="4">
              <value>
                <![CDATA[gold]]>
              </value>
            </param>
          </params>
          <reporter-output>
          </reporter-output>
        </test-method> <!-- Customer_is_able_to_fill_invalid_details_for_ContactUSPage_and_not_able_to_see_Thanku_for_ur_message -->
        <test-method is-config="true" signature="getResult(org.testng.ITestResult)[pri:0, instance:Oxhead_excel.TestCases@54422e18]" started-at="2022-04-06T12:08:15 IST" name="getResult" finished-at="2022-04-06T12:08:16 IST" duration-ms="812" status="PASS">
          <params>
            <param index="0">
              <value>
                <![CDATA[[TestResult name=Customer_is_able_to_fill_invalid_details_for_ContactUSPage_and_not_able_to_see_Thanku_for_ur_message status=SUCCESS method=TestCases.Customer_is_able_to_fill_invalid_details_for_ContactUSPage_and_not_able_to_see_Thanku_for_ur_message(java.lang.String,java.lang.String,java.lang.String,java.lang.String,java.lang.String)[pri:14, instance:Oxhead_excel.TestCases@54422e18] output={null}]]]>
              </value>
            </param>
          </params>
          <reporter-output>
          </reporter-output>
        </test-method> <!-- getResult -->
        <test-method is-config="true" signature="setUp()[pri:0, instance:Oxhead_excel.TestCases@54422e18]" started-at="2022-04-06T12:08:16 IST" name="setUp" finished-at="2022-04-06T12:08:33 IST" duration-ms="16971" status="PASS">
          <reporter-output>
          </reporter-output>
        </test-method> <!-- setUp -->
        <test-method signature="Customer_is_able_to_fill_invalid_details_for_ContactUSPage_and_not_able_to_see_Thanku_for_ur_message(java.lang.String,java.lang.String,java.lang.String,java.lang.String,java.lang.String)[pri:14, instance:Oxhead_excel.TestCases@54422e18]" started-at="2022-04-06T12:08:33 IST" name="Customer_is_able_to_fill_invalid_details_for_ContactUSPage_and_not_able_to_see_Thanku_for_ur_message" data-provider="getData2" finished-at="2022-04-06T12:08:42 IST" duration-ms="8447" status="PASS">
          <params>
            <param index="0">
              <value>
                <![CDATA[]]>
              </value>
            </param>
            <param index="1">
              <value>
                <![CDATA[vinithab211.+123gmail.com]]>
              </value>
            </param>
            <param index="2">
              <value>
                <![CDATA[9550457580]]>
              </value>
            </param>
            <param index="3">
              <value>
                <![CDATA[RGT]]>
              </value>
            </param>
            <param index="4">
              <value>
                <![CDATA[gold]]>
              </value>
            </param>
          </params>
          <reporter-output>
          </reporter-output>
        </test-method> <!-- Customer_is_able_to_fill_invalid_details_for_ContactUSPage_and_not_able_to_see_Thanku_for_ur_message -->
        <test-method is-config="true" signature="getResult(org.testng.ITestResult)[pri:0, instance:Oxhead_excel.TestCases@54422e18]" started-at="2022-04-06T12:08:42 IST" name="getResult" finished-at="2022-04-06T12:08:42 IST" duration-ms="791" status="PASS">
          <params>
            <param index="0">
              <value>
                <![CDATA[[TestResult name=Customer_is_able_to_fill_invalid_details_for_ContactUSPage_and_not_able_to_see_Thanku_for_ur_message status=SUCCESS method=TestCases.Customer_is_able_to_fill_invalid_details_for_ContactUSPage_and_not_able_to_see_Thanku_for_ur_message(java.lang.String,java.lang.String,java.lang.String,java.lang.String,java.lang.String)[pri:14, instance:Oxhead_excel.TestCases@54422e18] output={null}]]]>
              </value>
            </param>
          </params>
          <reporter-output>
          </reporter-output>
        </test-method> <!-- getResult -->
        <test-method is-config="true" signature="setUp()[pri:0, instance:Oxhead_excel.TestCases@54422e18]" started-at="2022-04-06T12:08:42 IST" name="setUp" finished-at="2022-04-06T12:09:01 IST" duration-ms="18156" status="PASS">
          <reporter-output>
          </reporter-output>
        </test-method> <!-- setUp -->
        <test-method signature="Customer_is_able_to_fill_invalid_details_for_ContactUSPage_and_not_able_to_see_Thanku_for_ur_message(java.lang.String,java.lang.String,java.lang.String,java.lang.String,java.lang.String)[pri:14, instance:Oxhead_excel.TestCases@54422e18]" started-at="2022-04-06T12:09:01 IST" name="Customer_is_able_to_fill_invalid_details_for_ContactUSPage_and_not_able_to_see_Thanku_for_ur_message" data-provider="getData2" finished-at="2022-04-06T12:09:09 IST" duration-ms="8777" status="PASS">
          <params>
            <param index="0">
              <value>
                <![CDATA[]]>
              </value>
            </param>
            <param index="1">
              <value>
                <![CDATA[]]>
              </value>
            </param>
            <param index="2">
              <value>
                <![CDATA[9550457580]]>
              </value>
            </param>
            <param index="3">
              <value>
                <![CDATA[RGT]]>
              </value>
            </param>
            <param index="4">
              <value>
                <![CDATA[gold]]>
              </value>
            </param>
          </params>
          <reporter-output>
          </reporter-output>
        </test-method> <!-- Customer_is_able_to_fill_invalid_details_for_ContactUSPage_and_not_able_to_see_Thanku_for_ur_message -->
        <test-method is-config="true" signature="getResult(org.testng.ITestResult)[pri:0, instance:Oxhead_excel.TestCases@54422e18]" started-at="2022-04-06T12:09:09 IST" name="getResult" finished-at="2022-04-06T12:09:10 IST" duration-ms="820" status="PASS">
          <params>
            <param index="0">
              <value>
                <![CDATA[[TestResult name=Customer_is_able_to_fill_invalid_details_for_ContactUSPage_and_not_able_to_see_Thanku_for_ur_message status=SUCCESS method=TestCases.Customer_is_able_to_fill_invalid_details_for_ContactUSPage_and_not_able_to_see_Thanku_for_ur_message(java.lang.String,java.lang.String,java.lang.String,java.lang.String,java.lang.String)[pri:14, instance:Oxhead_excel.TestCases@54422e18] output={null}]]]>
              </value>
            </param>
          </params>
          <reporter-output>
          </reporter-output>
        </test-method> <!-- getResult -->
        <test-method is-config="true" signature="setUp()[pri:0, instance:Oxhead_excel.TestCases@54422e18]" started-at="2022-04-06T12:09:10 IST" name="setUp" finished-at="2022-04-06T12:09:28 IST" duration-ms="17937" status="PASS">
          <reporter-output>
          </reporter-output>
        </test-method> <!-- setUp -->
        <test-method signature="Customer_is_able_to_fill_invalid_details_for_ContactUSPage_and_not_able_to_see_Thanku_for_ur_message(java.lang.String,java.lang.String,java.lang.String,java.lang.String,java.lang.String)[pri:14, instance:Oxhead_excel.TestCases@54422e18]" started-at="2022-04-06T12:09:28 IST" name="Customer_is_able_to_fill_invalid_details_for_ContactUSPage_and_not_able_to_see_Thanku_for_ur_message" data-provider="getData2" finished-at="2022-04-06T12:09:36 IST" duration-ms="7903" status="PASS">
          <params>
            <param index="0">
              <value>
                <![CDATA[]]>
              </value>
            </param>
            <param index="1">
              <value>
                <![CDATA[]]>
              </value>
            </param>
            <param index="2">
              <value>
                <![CDATA[]]>
              </value>
            </param>
            <param index="3">
              <value>
                <![CDATA[]]>
              </value>
            </param>
            <param index="4">
              <value>
                <![CDATA[gold]]>
              </value>
            </param>
          </params>
          <reporter-output>
          </reporter-output>
        </test-method> <!-- Customer_is_able_to_fill_invalid_details_for_ContactUSPage_and_not_able_to_see_Thanku_for_ur_message -->
        <test-method is-config="true" signature="getResult(org.testng.ITestResult)[pri:0, instance:Oxhead_excel.TestCases@54422e18]" started-at="2022-04-06T12:09:36 IST" name="getResult" finished-at="2022-04-06T12:09:37 IST" duration-ms="720" status="PASS">
          <params>
            <param index="0">
              <value>
                <![CDATA[[TestResult name=Customer_is_able_to_fill_invalid_details_for_ContactUSPage_and_not_able_to_see_Thanku_for_ur_message status=SUCCESS method=TestCases.Customer_is_able_to_fill_invalid_details_for_ContactUSPage_and_not_able_to_see_Thanku_for_ur_message(java.lang.String,java.lang.String,java.lang.String,java.lang.String,java.lang.String)[pri:14, instance:Oxhead_excel.TestCases@54422e18] output={null}]]]>
              </value>
            </param>
          </params>
          <reporter-output>
          </reporter-output>
        </test-method> <!-- getResult -->
        <test-method is-config="true" signature="setUp()[pri:0, instance:Oxhead_excel.TestCases@54422e18]" started-at="2022-04-06T12:09:37 IST" name="setUp" finished-at="2022-04-06T12:09:51 IST" duration-ms="14339" status="PASS">
          <reporter-output>
          </reporter-output>
        </test-method> <!-- setUp -->
        <test-method signature="valid_details_and_user_is_able_to_click_on_getaquote_link(java.lang.String,java.lang.String,java.lang.String,java.lang.String,java.lang.String)[pri:15, instance:Oxhead_excel.TestCases@54422e18]" started-at="2022-04-06T12:09:51 IST" name="valid_details_and_user_is_able_to_click_on_getaquote_link" data-provider="getData" finished-at="2022-04-06T12:10:00 IST" duration-ms="8850" status="PASS">
          <params>
            <param index="0">
              <value>
                <![CDATA[vinitha]]>
              </value>
            </param>
            <param index="1">
              <value>
                <![CDATA[vinithab211@gmail.com]]>
              </value>
            </param>
            <param index="2">
              <value>
                <![CDATA[9550447580]]>
              </value>
            </param>
            <param index="3">
              <value>
                <![CDATA[RGT]]>
              </value>
            </param>
            <param index="4">
              <value>
                <![CDATA[gold]]>
              </value>
            </param>
          </params>
          <reporter-output>
          </reporter-output>
        </test-method> <!-- valid_details_and_user_is_able_to_click_on_getaquote_link -->
        <test-method is-config="true" signature="getResult(org.testng.ITestResult)[pri:0, instance:Oxhead_excel.TestCases@54422e18]" started-at="2022-04-06T12:10:00 IST" name="getResult" finished-at="2022-04-06T12:10:01 IST" duration-ms="853" status="PASS">
          <params>
            <param index="0">
              <value>
                <![CDATA[[TestResult name=valid_details_and_user_is_able_to_click_on_getaquote_link status=SUCCESS method=TestCases.valid_details_and_user_is_able_to_click_on_getaquote_link(java.lang.String,java.lang.String,java.lang.String,java.lang.String,java.lang.String)[pri:15, instance:Oxhead_excel.TestCases@54422e18] output={null}]]]>
              </value>
            </param>
          </params>
          <reporter-output>
          </reporter-output>
        </test-method> <!-- getResult -->
        <test-method is-config="true" signature="setUp()[pri:0, instance:Oxhead_excel.TestCases@54422e18]" started-at="2022-04-06T12:10:01 IST" name="setUp" finished-at="2022-04-06T12:10:13 IST" duration-ms="11696" status="PASS">
          <reporter-output>
          </reporter-output>
        </test-method> <!-- setUp -->
        <test-method signature="Customer_is_able_to_enter_products_in_the_Search_for_Products_text_box()[pri:16, instance:Oxhead_excel.TestCases@54422e18]" started-at="2022-04-06T12:10:13 IST" name="Customer_is_able_to_enter_products_in_the_Search_for_Products_text_box" finished-at="2022-04-06T12:10:39 IST" duration-ms="26000" status="PASS">
          <reporter-output>
          </reporter-output>
        </test-method> <!-- Customer_is_able_to_enter_products_in_the_Search_for_Products_text_box -->
        <test-method is-config="true" signature="getResult(org.testng.ITestResult)[pri:0, instance:Oxhead_excel.TestCases@54422e18]" started-at="2022-04-06T12:10:39 IST" name="getResult" finished-at="2022-04-06T12:10:39 IST" duration-ms="745" status="PASS">
          <params>
            <param index="0">
              <value>
                <![CDATA[[TestResult name=Customer_is_able_to_enter_products_in_the_Search_for_Products_text_box status=SUCCESS method=TestCases.Customer_is_able_to_enter_products_in_the_Search_for_Products_text_box()[pri:16, instance:Oxhead_excel.TestCases@54422e18] output={null}]]]>
              </value>
            </param>
          </params>
          <reporter-output>
          </reporter-output>
        </test-method> <!-- getResult -->
        <test-method is-config="true" signature="setUp()[pri:0, instance:Oxhead_excel.TestCases@54422e18]" started-at="2022-04-06T12:10:39 IST" name="setUp" finished-at="2022-04-06T12:10:53 IST" duration-ms="13768" status="PASS">
          <reporter-output>
          </reporter-output>
        </test-method> <!-- setUp -->
        <test-method signature="Customer_is_able_to_see_No_products_were_found_matching_your_selection_message()[pri:17, instance:Oxhead_excel.TestCases@54422e18]" started-at="2022-04-06T12:10:53 IST" name="Customer_is_able_to_see_No_products_were_found_matching_your_selection_message" finished-at="2022-04-06T12:11:08 IST" duration-ms="15295" status="PASS">
          <reporter-output>
          </reporter-output>
        </test-method> <!-- Customer_is_able_to_see_No_products_were_found_matching_your_selection_message -->
        <test-method is-config="true" signature="getResult(org.testng.ITestResult)[pri:0, instance:Oxhead_excel.TestCases@54422e18]" started-at="2022-04-06T12:11:08 IST" name="getResult" finished-at="2022-04-06T12:11:09 IST" duration-ms="782" status="PASS">
          <params>
            <param index="0">
              <value>
                <![CDATA[[TestResult name=Customer_is_able_to_see_No_products_were_found_matching_your_selection_message status=SUCCESS method=TestCases.Customer_is_able_to_see_No_products_were_found_matching_your_selection_message()[pri:17, instance:Oxhead_excel.TestCases@54422e18] output={null}]]]>
              </value>
            </param>
          </params>
          <reporter-output>
          </reporter-output>
        </test-method> <!-- getResult -->
        <test-method is-config="true" signature="setUp()[pri:0, instance:Oxhead_excel.TestCases@54422e18]" started-at="2022-04-06T12:11:09 IST" name="setUp" finished-at="2022-04-06T12:11:24 IST" duration-ms="14985" status="PASS">
          <reporter-output>
          </reporter-output>
        </test-method> <!-- setUp -->
        <test-method signature="select_Allproducts_option_in_the_select_category()[pri:18, instance:Oxhead_excel.TestCases@54422e18]" started-at="2022-04-06T12:11:24 IST" name="select_Allproducts_option_in_the_select_category" finished-at="2022-04-06T12:11:42 IST" duration-ms="18228" status="PASS">
          <reporter-output>
          </reporter-output>
        </test-method> <!-- select_Allproducts_option_in_the_select_category -->
        <test-method is-config="true" signature="getResult(org.testng.ITestResult)[pri:0, instance:Oxhead_excel.TestCases@54422e18]" started-at="2022-04-06T12:11:42 IST" name="getResult" finished-at="2022-04-06T12:11:43 IST" duration-ms="796" status="PASS">
          <params>
            <param index="0">
              <value>
                <![CDATA[[TestResult name=select_Allproducts_option_in_the_select_category status=SUCCESS method=TestCases.select_Allproducts_option_in_the_select_category()[pri:18, instance:Oxhead_excel.TestCases@54422e18] output={null}]]]>
              </value>
            </param>
          </params>
          <reporter-output>
          </reporter-output>
        </test-method> <!-- getResult -->
        <test-method is-config="true" signature="setUp()[pri:0, instance:Oxhead_excel.TestCases@54422e18]" started-at="2022-04-06T12:11:43 IST" name="setUp" finished-at="2022-04-06T12:11:59 IST" duration-ms="16121" status="PASS">
          <reporter-output>
          </reporter-output>
        </test-method> <!-- setUp -->
        <test-method signature="select_Gold_option_in_the_select_category()[pri:19, instance:Oxhead_excel.TestCases@54422e18]" started-at="2022-04-06T12:11:59 IST" name="select_Gold_option_in_the_select_category" finished-at="2022-04-06T12:12:18 IST" duration-ms="18627" status="PASS">
          <reporter-output>
          </reporter-output>
        </test-method> <!-- select_Gold_option_in_the_select_category -->
        <test-method is-config="true" signature="getResult(org.testng.ITestResult)[pri:0, instance:Oxhead_excel.TestCases@54422e18]" started-at="2022-04-06T12:12:18 IST" name="getResult" finished-at="2022-04-06T12:12:19 IST" duration-ms="946" status="PASS">
          <params>
            <param index="0">
              <value>
                <![CDATA[[TestResult name=select_Gold_option_in_the_select_category status=SUCCESS method=TestCases.select_Gold_option_in_the_select_category()[pri:19, instance:Oxhead_excel.TestCases@54422e18] output={null}]]]>
              </value>
            </param>
          </params>
          <reporter-output>
          </reporter-output>
        </test-method> <!-- getResult -->
        <test-method is-config="true" signature="setUp()[pri:0, instance:Oxhead_excel.TestCases@54422e18]" started-at="2022-04-06T12:12:19 IST" name="setUp" finished-at="2022-04-06T12:12:36 IST" duration-ms="16742" status="PASS">
          <reporter-output>
          </reporter-output>
        </test-method> <!-- setUp -->
        <test-method signature="select_Membership_option_in_the_select_category()[pri:20, instance:Oxhead_excel.TestCases@54422e18]" started-at="2022-04-06T12:12:36 IST" name="select_Membership_option_in_the_select_category" finished-at="2022-04-06T12:12:59 IST" duration-ms="23770" status="PASS">
          <reporter-output>
          </reporter-output>
        </test-method> <!-- select_Membership_option_in_the_select_category -->
        <test-method is-config="true" signature="getResult(org.testng.ITestResult)[pri:0, instance:Oxhead_excel.TestCases@54422e18]" started-at="2022-04-06T12:12:59 IST" name="getResult" finished-at="2022-04-06T12:13:00 IST" duration-ms="999" status="PASS">
          <params>
            <param index="0">
              <value>
                <![CDATA[[TestResult name=select_Membership_option_in_the_select_category status=SUCCESS method=TestCases.select_Membership_option_in_the_select_category()[pri:20, instance:Oxhead_excel.TestCases@54422e18] output={null}]]]>
              </value>
            </param>
          </params>
          <reporter-output>
          </reporter-output>
        </test-method> <!-- getResult -->
        <test-method is-config="true" signature="setUp()[pri:0, instance:Oxhead_excel.TestCases@54422e18]" started-at="2022-04-06T12:13:00 IST" name="setUp" finished-at="2022-04-06T12:13:14 IST" duration-ms="13875" status="PASS">
          <reporter-output>
          </reporter-output>
        </test-method> <!-- setUp -->
        <test-method signature="select_Palladium_option_in_the_select_category()[pri:21, instance:Oxhead_excel.TestCases@54422e18]" started-at="2022-04-06T12:13:14 IST" name="select_Palladium_option_in_the_select_category" finished-at="2022-04-06T12:13:32 IST" duration-ms="17339" status="PASS">
          <reporter-output>
          </reporter-output>
        </test-method> <!-- select_Palladium_option_in_the_select_category -->
        <test-method is-config="true" signature="getResult(org.testng.ITestResult)[pri:0, instance:Oxhead_excel.TestCases@54422e18]" started-at="2022-04-06T12:13:32 IST" name="getResult" finished-at="2022-04-06T12:13:33 IST" duration-ms="1056" status="PASS">
          <params>
            <param index="0">
              <value>
                <![CDATA[[TestResult name=select_Palladium_option_in_the_select_category status=SUCCESS method=TestCases.select_Palladium_option_in_the_select_category()[pri:21, instance:Oxhead_excel.TestCases@54422e18] output={null}]]]>
              </value>
            </param>
          </params>
          <reporter-output>
          </reporter-output>
        </test-method> <!-- getResult -->
        <test-method is-config="true" signature="setUp()[pri:0, instance:Oxhead_excel.TestCases@54422e18]" started-at="2022-04-06T12:13:33 IST" name="setUp" finished-at="2022-04-06T12:13:44 IST" duration-ms="11566" status="PASS">
          <reporter-output>
          </reporter-output>
        </test-method> <!-- setUp -->
        <test-method signature="select_Platinum_option_in_the_select_category()[pri:22, instance:Oxhead_excel.TestCases@54422e18]" started-at="2022-04-06T12:13:44 IST" name="select_Platinum_option_in_the_select_category" finished-at="2022-04-06T12:14:05 IST" duration-ms="21176" status="PASS">
          <reporter-output>
          </reporter-output>
        </test-method> <!-- select_Platinum_option_in_the_select_category -->
        <test-method is-config="true" signature="getResult(org.testng.ITestResult)[pri:0, instance:Oxhead_excel.TestCases@54422e18]" started-at="2022-04-06T12:14:05 IST" name="getResult" finished-at="2022-04-06T12:14:06 IST" duration-ms="992" status="PASS">
          <params>
            <param index="0">
              <value>
                <![CDATA[[TestResult name=select_Platinum_option_in_the_select_category status=SUCCESS method=TestCases.select_Platinum_option_in_the_select_category()[pri:22, instance:Oxhead_excel.TestCases@54422e18] output={null}]]]>
              </value>
            </param>
          </params>
          <reporter-output>
          </reporter-output>
        </test-method> <!-- getResult -->
        <test-method is-config="true" signature="setUp()[pri:0, instance:Oxhead_excel.TestCases@54422e18]" started-at="2022-04-06T12:14:06 IST" name="setUp" finished-at="2022-04-06T12:14:23 IST" duration-ms="16736" status="PASS">
          <reporter-output>
          </reporter-output>
        </test-method> <!-- setUp -->
        <test-method signature="select_Silver_option_in_the_select_category()[pri:23, instance:Oxhead_excel.TestCases@54422e18]" started-at="2022-04-06T12:14:23 IST" name="select_Silver_option_in_the_select_category" finished-at="2022-04-06T12:14:39 IST" duration-ms="15915" status="PASS">
          <reporter-output>
          </reporter-output>
        </test-method> <!-- select_Silver_option_in_the_select_category -->
        <test-method is-config="true" signature="getResult(org.testng.ITestResult)[pri:0, instance:Oxhead_excel.TestCases@54422e18]" started-at="2022-04-06T12:14:39 IST" name="getResult" finished-at="2022-04-06T12:14:40 IST" duration-ms="942" status="PASS">
          <params>
            <param index="0">
              <value>
                <![CDATA[[TestResult name=select_Silver_option_in_the_select_category status=SUCCESS method=TestCases.select_Silver_option_in_the_select_category()[pri:23, instance:Oxhead_excel.TestCases@54422e18] output={null}]]]>
              </value>
            </param>
          </params>
          <reporter-output>
          </reporter-output>
        </test-method> <!-- getResult -->
        <test-method is-config="true" signature="setUp()[pri:0, instance:Oxhead_excel.TestCases@54422e18]" started-at="2022-04-06T12:14:40 IST" name="setUp" finished-at="2022-04-06T12:14:55 IST" duration-ms="14956" status="PASS">
          <reporter-output>
          </reporter-output>
        </test-method> <!-- setUp -->
        <test-method signature="select_Blank_option_in_the_select_category()[pri:24, instance:Oxhead_excel.TestCases@54422e18]" started-at="2022-04-06T12:14:55 IST" name="select_Blank_option_in_the_select_category" finished-at="2022-04-06T12:15:13 IST" duration-ms="17719" status="PASS">
          <reporter-output>
          </reporter-output>
        </test-method> <!-- select_Blank_option_in_the_select_category -->
        <test-method is-config="true" signature="getResult(org.testng.ITestResult)[pri:0, instance:Oxhead_excel.TestCases@54422e18]" started-at="2022-04-06T12:15:13 IST" name="getResult" finished-at="2022-04-06T12:15:13 IST" duration-ms="802" status="PASS">
          <params>
            <param index="0">
              <value>
                <![CDATA[[TestResult name=select_Blank_option_in_the_select_category status=SUCCESS method=TestCases.select_Blank_option_in_the_select_category()[pri:24, instance:Oxhead_excel.TestCases@54422e18] output={null}]]]>
              </value>
            </param>
          </params>
          <reporter-output>
          </reporter-output>
        </test-method> <!-- getResult -->
        <test-method is-config="true" signature="setUp()[pri:0, instance:Oxhead_excel.TestCases@54422e18]" started-at="2022-04-06T12:15:13 IST" name="setUp" finished-at="2022-04-06T12:15:31 IST" duration-ms="17668" status="PASS">
          <reporter-output>
          </reporter-output>
        </test-method> <!-- setUp -->
        <test-method signature="see_The_Bar_In_The_Palladium_Bullion()[pri:25, instance:Oxhead_excel.TestCases@54422e18]" started-at="2022-04-06T12:15:31 IST" name="see_The_Bar_In_The_Palladium_Bullion" finished-at="2022-04-06T12:15:53 IST" duration-ms="21460" status="PASS">
          <reporter-output>
          </reporter-output>
        </test-method> <!-- see_The_Bar_In_The_Palladium_Bullion -->
        <test-method is-config="true" signature="getResult(org.testng.ITestResult)[pri:0, instance:Oxhead_excel.TestCases@54422e18]" started-at="2022-04-06T12:15:53 IST" name="getResult" finished-at="2022-04-06T12:15:53 IST" duration-ms="776" status="PASS">
          <params>
            <param index="0">
              <value>
                <![CDATA[[TestResult name=see_The_Bar_In_The_Palladium_Bullion status=SUCCESS method=TestCases.see_The_Bar_In_The_Palladium_Bullion()[pri:25, instance:Oxhead_excel.TestCases@54422e18] output={null}]]]>
              </value>
            </param>
          </params>
          <reporter-output>
          </reporter-output>
        </test-method> <!-- getResult -->
        <test-method is-config="true" signature="setUp()[pri:0, instance:Oxhead_excel.TestCases@54422e18]" started-at="2022-04-06T12:15:53 IST" name="setUp" finished-at="2022-04-06T12:16:09 IST" duration-ms="16083" status="PASS">
          <reporter-output>
          </reporter-output>
        </test-method> <!-- setUp -->
        <test-method signature="Customer_is_able_to_select_the_product_and_Add_product_to_Cart()[pri:26, instance:Oxhead_excel.TestCases@54422e18]" started-at="2022-04-06T12:16:09 IST" name="Customer_is_able_to_select_the_product_and_Add_product_to_Cart" finished-at="2022-04-06T12:16:38 IST" duration-ms="28962" status="PASS">
          <reporter-output>
          </reporter-output>
        </test-method> <!-- Customer_is_able_to_select_the_product_and_Add_product_to_Cart -->
        <test-method is-config="true" signature="getResult(org.testng.ITestResult)[pri:0, instance:Oxhead_excel.TestCases@54422e18]" started-at="2022-04-06T12:16:38 IST" name="getResult" finished-at="2022-04-06T12:16:40 IST" duration-ms="1190" status="PASS">
          <params>
            <param index="0">
              <value>
                <![CDATA[[TestResult name=Customer_is_able_to_select_the_product_and_Add_product_to_Cart status=SUCCESS method=TestCases.Customer_is_able_to_select_the_product_and_Add_product_to_Cart()[pri:26, instance:Oxhead_excel.TestCases@54422e18] output={null}]]]>
              </value>
            </param>
          </params>
          <reporter-output>
          </reporter-output>
        </test-method> <!-- getResult -->
        <test-method is-config="true" signature="setUp()[pri:0, instance:Oxhead_excel.TestCases@54422e18]" started-at="2022-04-06T12:16:40 IST" name="setUp" finished-at="2022-04-06T12:16:58 IST" duration-ms="18314" status="PASS">
          <reporter-output>
          </reporter-output>
        </test-method> <!-- setUp -->
        <test-method signature="Customer_is_able_to_click_on_the_viewcart_button()[pri:27, instance:Oxhead_excel.TestCases@54422e18]" started-at="2022-04-06T12:16:58 IST" name="Customer_is_able_to_click_on_the_viewcart_button" finished-at="2022-04-06T12:17:47 IST" duration-ms="48692" status="PASS">
          <reporter-output>
          </reporter-output>
        </test-method> <!-- Customer_is_able_to_click_on_the_viewcart_button -->
        <test-method is-config="true" signature="getResult(org.testng.ITestResult)[pri:0, instance:Oxhead_excel.TestCases@54422e18]" started-at="2022-04-06T12:17:47 IST" name="getResult" finished-at="2022-04-06T12:17:48 IST" duration-ms="953" status="PASS">
          <params>
            <param index="0">
              <value>
                <![CDATA[[TestResult name=Customer_is_able_to_click_on_the_viewcart_button status=SUCCESS method=TestCases.Customer_is_able_to_click_on_the_viewcart_button()[pri:27, instance:Oxhead_excel.TestCases@54422e18] output={null}]]]>
              </value>
            </param>
          </params>
          <reporter-output>
          </reporter-output>
        </test-method> <!-- getResult -->
        <test-method is-config="true" signature="setUp()[pri:0, instance:Oxhead_excel.TestCases@54422e18]" started-at="2022-04-06T12:17:48 IST" name="setUp" finished-at="2022-04-06T12:18:03 IST" duration-ms="15175" status="PASS">
          <reporter-output>
          </reporter-output>
        </test-method> <!-- setUp -->
        <test-method signature="Customer_is_able_to_click_on_update_cart_button()[pri:28, instance:Oxhead_excel.TestCases@54422e18]" started-at="2022-04-06T12:18:03 IST" name="Customer_is_able_to_click_on_update_cart_button" finished-at="2022-04-06T12:18:43 IST" duration-ms="40674" status="PASS">
          <reporter-output>
          </reporter-output>
        </test-method> <!-- Customer_is_able_to_click_on_update_cart_button -->
        <test-method is-config="true" signature="getResult(org.testng.ITestResult)[pri:0, instance:Oxhead_excel.TestCases@54422e18]" started-at="2022-04-06T12:18:43 IST" name="getResult" finished-at="2022-04-06T12:18:44 IST" duration-ms="972" status="PASS">
          <params>
            <param index="0">
              <value>
                <![CDATA[[TestResult name=Customer_is_able_to_click_on_update_cart_button status=SUCCESS method=TestCases.Customer_is_able_to_click_on_update_cart_button()[pri:28, instance:Oxhead_excel.TestCases@54422e18] output={null}]]]>
              </value>
            </param>
          </params>
          <reporter-output>
          </reporter-output>
        </test-method> <!-- getResult -->
        <test-method is-config="true" signature="setUp()[pri:0, instance:Oxhead_excel.TestCases@54422e18]" started-at="2022-04-06T12:18:44 IST" name="setUp" finished-at="2022-04-06T12:19:01 IST" duration-ms="16954" status="PASS">
          <reporter-output>
          </reporter-output>
        </test-method> <!-- setUp -->
        <test-method signature="Customer_is_able_to_click_on_the_Proceed_to_Checkout_button()[pri:29, instance:Oxhead_excel.TestCases@54422e18]" started-at="2022-04-06T12:19:01 IST" name="Customer_is_able_to_click_on_the_Proceed_to_Checkout_button" finished-at="2022-04-06T12:19:52 IST" duration-ms="51161" status="PASS">
          <reporter-output>
          </reporter-output>
        </test-method> <!-- Customer_is_able_to_click_on_the_Proceed_to_Checkout_button -->
        <test-method is-config="true" signature="getResult(org.testng.ITestResult)[pri:0, instance:Oxhead_excel.TestCases@54422e18]" started-at="2022-04-06T12:19:52 IST" name="getResult" finished-at="2022-04-06T12:19:53 IST" duration-ms="904" status="PASS">
          <params>
            <param index="0">
              <value>
                <![CDATA[[TestResult name=Customer_is_able_to_click_on_the_Proceed_to_Checkout_button status=SUCCESS method=TestCases.Customer_is_able_to_click_on_the_Proceed_to_Checkout_button()[pri:29, instance:Oxhead_excel.TestCases@54422e18] output={null}]]]>
              </value>
            </param>
          </params>
          <reporter-output>
          </reporter-output>
        </test-method> <!-- getResult -->
        <test-method is-config="true" signature="setUp()[pri:0, instance:Oxhead_excel.TestCases@54422e18]" started-at="2022-04-06T12:19:53 IST" name="setUp" finished-at="2022-04-06T12:20:06 IST" duration-ms="12159" status="PASS">
          <reporter-output>
          </reporter-output>
        </test-method> <!-- setUp -->
        <test-method signature="Customer_is_able_to_see_Wishlist_page()[pri:30, instance:Oxhead_excel.TestCases@54422e18]" started-at="2022-04-06T12:20:06 IST" name="Customer_is_able_to_see_Wishlist_page" finished-at="2022-04-06T12:20:55 IST" duration-ms="49655" status="FAIL">
          <exception class="org.openqa.selenium.TimeoutException">
            <message>
              <![CDATA[Expected condition failed: waiting for visibility of [[ChromeDriver: chrome on WINDOWS (ef45928273bd9500c8093205aa0e3e37)] -> xpath: //div[3]//div[2]//div//ul//li[7]//a] (tried for 25 second(s) with 1 milliseconds interval)
Build info: version: '4.1.1', revision: 'e8fcc2cecf'
System info: host: 'LMCLT017', ip: '192.168.0.190', os.name: 'Windows 10', os.arch: 'amd64', os.version: '10.0', java.version: '11.0.6'
Driver info: org.openqa.selenium.chrome.ChromeDriver
Capabilities {acceptInsecureCerts: false, browserName: chrome, browserVersion: 99.0.4844.84, chrome: {chromedriverVersion: 99.0.4844.51 (d537ec02474b5..., userDataDir: C:\Users\BALARA~1\AppData\L...}, goog:chromeOptions: {debuggerAddress: localhost:57332}, javascriptEnabled: true, networkConnectionEnabled: false, pageLoadStrategy: normal, platform: WINDOWS, platformName: WINDOWS, proxy: Proxy(), se:cdp: ws://localhost:57332/devtoo..., se:cdpVersion: 99.0.4844.84, setWindowRect: true, strictFileInteractability: false, timeouts: {implicit: 0, pageLoad: 300000, script: 30000}, unhandledPromptBehavior: dismiss and notify, webauthn:extension:credBlob: true, webauthn:extension:largeBlob: true, webauthn:virtualAuthenticators: true}
Session ID: ef45928273bd9500c8093205aa0e3e37]]>
            </message>
            <full-stacktrace>
              <![CDATA[org.openqa.selenium.TimeoutException: Expected condition failed: waiting for visibility of [[ChromeDriver: chrome on WINDOWS (ef45928273bd9500c8093205aa0e3e37)] -> xpath: //div[3]//div[2]//div//ul//li[7]//a] (tried for 25 second(s) with 1 milliseconds interval)
Build info: version: '4.1.1', revision: 'e8fcc2cecf'
System info: host: 'LMCLT017', ip: '192.168.0.190', os.name: 'Windows 10', os.arch: 'amd64', os.version: '10.0', java.version: '11.0.6'
Driver info: org.openqa.selenium.chrome.ChromeDriver
Capabilities {acceptInsecureCerts: false, browserName: chrome, browserVersion: 99.0.4844.84, chrome: {chromedriverVersion: 99.0.4844.51 (d537ec02474b5..., userDataDir: C:\Users\BALARA~1\AppData\L...}, goog:chromeOptions: {debuggerAddress: localhost:57332}, javascriptEnabled: true, networkConnectionEnabled: false, pageLoadStrategy: normal, platform: WINDOWS, platformName: WINDOWS, proxy: Proxy(), se:cdp: ws://localhost:57332/devtoo..., se:cdpVersion: 99.0.4844.84, setWindowRect: true, strictFileInteractability: false, timeouts: {implicit: 0, pageLoad: 300000, script: 30000}, unhandledPromptBehavior: dismiss and notify, webauthn:extension:credBlob: true, webauthn:extension:largeBlob: true, webauthn:virtualAuthenticators: true}
Session ID: ef45928273bd9500c8093205aa0e3e37
at org.openqa.selenium.support.ui.WebDriverWait.timeoutException(WebDriverWait.java:138)
at org.openqa.selenium.support.ui.FluentWait.until(FluentWait.java:231)
at Oxhead_excel.Baseclass.visibilityOfElement(Baseclass.java:38)
at Oxhead_excel.Header.wishlist1(Header.java:211)
at Oxhead_excel.TestCases.Customer_is_able_to_see_Wishlist_page(TestCases.java:280)
at java.base/jdk.internal.reflect.NativeMethodAccessorImpl.invoke0(Native Method)
at java.base/jdk.internal.reflect.NativeMethodAccessorImpl.invoke(NativeMethodAccessorImpl.java:62)
at java.base/jdk.internal.reflect.DelegatingMethodAccessorImpl.invoke(DelegatingMethodAccessorImpl.java:43)
at java.base/java.lang.reflect.Method.invoke(Method.java:566)
at org.testng.internal.invokers.MethodInvocationHelper.invokeMethod(MethodInvocationHelper.java:135)
at org.testng.internal.invokers.TestInvoker.invokeMethod(TestInvoker.java:673)
at org.testng.internal.invokers.TestInvoker.invokeTestMethod(TestInvoker.java:220)
at org.testng.internal.invokers.MethodRunner.runInSequence(MethodRunner.java:50)
at org.testng.internal.invokers.TestInvoker$MethodInvocationAgent.invoke(TestInvoker.java:945)
at org.testng.internal.invokers.TestInvoker.invokeTestMethods(TestInvoker.java:193)
at org.testng.internal.invokers.TestMethodWorker.invokeTestMethods(TestMethodWorker.java:146)
at org.testng.internal.invokers.TestMethodWorker.run(TestMethodWorker.java:128)
at java.base/java.util.ArrayList.forEach(ArrayList.java:1540)
at org.testng.TestRunner.privateRun(TestRunner.java:808)
at org.testng.TestRunner.run(TestRunner.java:603)
at org.testng.SuiteRunner.runTest(SuiteRunner.java:429)
at org.testng.SuiteRunner.runSequentially(SuiteRunner.java:423)
at org.testng.SuiteRunner.privateRun(SuiteRunner.java:383)
at org.testng.SuiteRunner.run(SuiteRunner.java:326)
at org.testng.SuiteRunnerWorker.runSuite(SuiteRunnerWorker.java:52)
at org.testng.SuiteRunnerWorker.run(SuiteRunnerWorker.java:95)
at org.testng.TestNG.runSuitesSequentially(TestNG.java:1249)
at org.testng.TestNG.runSuitesLocally(TestNG.java:1169)
at org.testng.TestNG.runSuites(TestNG.java:1092)
at org.testng.TestNG.run(TestNG.java:1060)
at org.testng.remote.AbstractRemoteTestNG.run(AbstractRemoteTestNG.java:115)
at org.testng.remote.RemoteTestNG.initAndRun(RemoteTestNG.java:251)
at org.testng.remote.RemoteTestNG.main(RemoteTestNG.java:77)
]]>
            </full-stacktrace>
          </exception> <!-- org.openqa.selenium.TimeoutException -->
          <reporter-output>
          </reporter-output>
        </test-method> <!-- Customer_is_able_to_see_Wishlist_page -->
        <test-method is-config="true" signature="getResult(org.testng.ITestResult)[pri:0, instance:Oxhead_excel.TestCases@54422e18]" started-at="2022-04-06T12:20:55 IST" name="getResult" finished-at="2022-04-06T12:20:56 IST" duration-ms="939" status="PASS">
          <params>
            <param index="0">
              <value>
                <![CDATA[[TestResult name=Customer_is_able_to_see_Wishlist_page status=FAILURE method=TestCases.Customer_is_able_to_see_Wishlist_page()[pri:30, instance:Oxhead_excel.TestCases@54422e18] output={null}]]]>
              </value>
            </param>
          </params>
          <reporter-output>
          </reporter-output>
        </test-method> <!-- getResult -->
        <test-method is-config="true" signature="setUp()[pri:0, instance:Oxhead_excel.TestCases@54422e18]" started-at="2022-04-06T12:20:56 IST" name="setUp" finished-at="2022-04-06T12:21:10 IST" duration-ms="14331" status="PASS">
          <reporter-output>
          </reporter-output>
        </test-method> <!-- setUp -->
        <test-method signature="Customer_is_able_to_see_Wishlist_page2()[pri:31, instance:Oxhead_excel.TestCases@54422e18]" started-at="2022-04-06T12:21:10 IST" name="Customer_is_able_to_see_Wishlist_page2" finished-at="2022-04-06T12:21:43 IST" duration-ms="32108" status="PASS">
          <reporter-output>
          </reporter-output>
        </test-method> <!-- Customer_is_able_to_see_Wishlist_page2 -->
        <test-method is-config="true" signature="getResult(org.testng.ITestResult)[pri:0, instance:Oxhead_excel.TestCases@54422e18]" started-at="2022-04-06T12:21:43 IST" name="getResult" finished-at="2022-04-06T12:21:43 IST" duration-ms="824" status="PASS">
          <params>
            <param index="0">
              <value>
                <![CDATA[[TestResult name=Customer_is_able_to_see_Wishlist_page2 status=SUCCESS method=TestCases.Customer_is_able_to_see_Wishlist_page2()[pri:31, instance:Oxhead_excel.TestCases@54422e18] output={null}]]]>
[...]
          <reporter-output>
          </reporter-output>
        </test-method> <!-- redirect_to_Shippingdeliverypage_redirect_to_PaymentpolicyPage_Returnpolicypage_Redirect_to_TermsandConditionspage -->
        <test-method is-config="true" signature="getResult(org.testng.ITestResult)[pri:0, instance:Oxhead_excel.TestCases@54422e18]" started-at="2022-04-06T13:00:14 IST" name="getResult" finished-at="2022-04-06T13:00:15 IST" duration-ms="807" status="PASS">
          <params>
            <param index="0">
              <value>
                <![CDATA[[TestResult name=redirect_to_Shippingdeliverypage_redirect_to_PaymentpolicyPage_Returnpolicypage_Redirect_to_TermsandConditionspage status=SUCCESS method=TestCases.redirect_to_Shippingdeliverypage_redirect_to_PaymentpolicyPage_Returnpolicypage_Redirect_to_TermsandConditionspage()[pri:75, instance:Oxhead_excel.TestCases@54422e18] output={null}]]]>
              </value>
            </param>
          </params>
          <reporter-output>
          </reporter-output>
        </test-method> <!-- getResult -->
        <test-method is-config="true" signature="setUp()[pri:0, instance:Oxhead_excel.TestCases@54422e18]" started-at="2022-04-06T13:00:15 IST" name="setUp" finished-at="2022-04-06T13:00:30 IST" duration-ms="15621" status="PASS">
          <reporter-output>
          </reporter-output>
        </test-method> <!-- setUp -->
        <test-method signature="Redirect_to_the_Account_login_page_and_Trackanorderpage_pricealertspage_Aboutoxheadpage_oxheadblogpage_oxheadproductspage()[pri:76, instance:Oxhead_excel.TestCases@54422e18]" started-at="2022-04-06T13:00:30 IST" name="Redirect_to_the_Account_login_page_and_Trackanorderpage_pricealertspage_Aboutoxheadpage_oxheadblogpage_oxheadproductspage" finished-at="2022-04-06T13:00:47 IST" duration-ms="16635" status="PASS">
          <reporter-output>
          </reporter-output>
        </test-method> <!-- Redirect_to_the_Account_login_page_and_Trackanorderpage_pricealertspage_Aboutoxheadpage_oxheadblogpage_oxheadproductspage -->
        <test-method is-config="true" signature="getResult(org.testng.ITestResult)[pri:0, instance:Oxhead_excel.TestCases@54422e18]" started-at="2022-04-06T13:00:47 IST" name="getResult" finished-at="2022-04-06T13:00:48 IST" duration-ms="787" status="PASS">
          <params>
            <param index="0">
              <value>
                <![CDATA[[TestResult name=Redirect_to_the_Account_login_page_and_Trackanorderpage_pricealertspage_Aboutoxheadpage_oxheadblogpage_oxheadproductspage status=SUCCESS method=TestCases.Redirect_to_the_Account_login_page_and_Trackanorderpage_pricealertspage_Aboutoxheadpage_oxheadblogpage_oxheadproductspage()[pri:76, instance:Oxhead_excel.TestCases@54422e18] output={null}]]]>
              </value>
            </param>
          </params>
          <reporter-output>
          </reporter-output>
        </test-method> <!-- getResult -->
        <test-method is-config="true" signature="setUp()[pri:0, instance:Oxhead_excel.TestCases@54422e18]" started-at="2022-04-06T13:00:48 IST" name="setUp" finished-at="2022-04-06T13:01:05 IST" duration-ms="16767" status="PASS">
          <reporter-output>
          </reporter-output>
        </test-method> <!-- setUp -->
        <test-method signature="Customer_is_able_to_Redirect_to_the_Blogpage_Customer_is_able_to_Redirect_to_the_invest_in_guidepage_Customer_is_able_to_Redirect_to_the_Silverpricespage_goldpricespage_LocalDirectorypage_Coinvaluespage_Salestaxpage_Custumer_is_able_to_click_on_links_when_cursor_is_placed_on_the_words_itis_able_to_click_on_linkns_cursor_is_placed_outside()[pri:77, instance:Oxhead_excel.TestCases@54422e18]" started-at="2022-04-06T13:01:05 IST" name="Customer_is_able_to_Redirect_to_the_Blogpage_Customer_is_able_to_Redirect_to_the_invest_in_guidepage_Customer_is_able_to_Redirect_to_the_Silverpricespage_goldpricespage_LocalDirectorypage_Coinvaluespage_Salestaxpage_Custumer_is_able_to_click_on_links_when_cursor_is_placed_on_the_words_itis_able_to_click_on_linkns_cursor_is_placed_outside" finished-at="2022-04-06T13:01:18 IST" duration-ms="13225" status="PASS">
          <reporter-output>
          </reporter-output>
        </test-method> <!-- Customer_is_able_to_Redirect_to_the_Blogpage_Customer_is_able_to_Redirect_to_the_invest_in_guidepage_Customer_is_able_to_Redirect_to_the_Silverpricespage_goldpricespage_LocalDirectorypage_Coinvaluespage_Salestaxpage_Custumer_is_able_to_click_on_links_when_cursor_is_placed_on_the_words_itis_able_to_click_on_linkns_cursor_is_placed_outside -->
        <test-method is-config="true" signature="getResult(org.testng.ITestResult)[pri:0, instance:Oxhead_excel.TestCases@54422e18]" started-at="2022-04-06T13:01:18 IST" name="getResult" finished-at="2022-04-06T13:01:19 IST" duration-ms="811" status="PASS">
          <params>
            <param index="0">
              <value>
                <![CDATA[[TestResult name=Customer_is_able_to_Redirect_to_the_Blogpage_Customer_is_able_to_Redirect_to_the_invest_in_guidepage_Customer_is_able_to_Redirect_to_the_Silverpricespage_goldpricespage_LocalDirectorypage_Coinvaluespage_Salestaxpage_Custumer_is_able_to_click_on_links_when_cursor_is_placed_on_the_words_itis_able_to_click_on_linkns_cursor_is_placed_outside status=SUCCESS method=TestCases.Customer_is_able_to_Redirect_to_the_Blogpage_Customer_is_able_to_Redirect_to_the_invest_in_guidepage_Customer_is_able_to_Redirect_to_the_Silverpricespage_goldpricespage_LocalDirectorypage_Coinvaluespage_Salestaxpage_Custumer_is_able_to_click_on_links_when_cursor_is_placed_on_the_words_itis_able_to_click_on_linkns_cursor_is_placed_outside()[pri:77, instance:Oxhead_excel.TestCases@54422e18] output={null}]]]>
              </value>
            </param>
          </params>
          <reporter-output>
          </reporter-output>
        </test-method> <!-- getResult -->
        <test-method is-config="true" signature="setUp()[pri:0, instance:Oxhead_excel.TestCases@54422e18]" started-at="2022-04-06T13:01:19 IST" name="setUp" finished-at="2022-04-06T13:01:39 IST" duration-ms="20501" status="PASS">
          <reporter-output>
          </reporter-output>
        </test-method> <!-- setUp -->
        <test-method signature="customer_Is_clicking_On_The_Shop_Now_Button_It_Has_To_Redirect_To_That_Particular_Page()[pri:78, instance:Oxhead_excel.TestCases@54422e18]" started-at="2022-04-06T13:01:39 IST" name="customer_Is_clicking_On_The_Shop_Now_Button_It_Has_To_Redirect_To_That_Particular_Page" finished-at="2022-04-06T13:02:20 IST" duration-ms="40378" status="PASS">
          <reporter-output>
          </reporter-output>
        </test-method> <!-- customer_Is_clicking_On_The_Shop_Now_Button_It_Has_To_Redirect_To_That_Particular_Page -->
        <test-method is-config="true" signature="getResult(org.testng.ITestResult)[pri:0, instance:Oxhead_excel.TestCases@54422e18]" started-at="2022-04-06T13:02:20 IST" name="getResult" finished-at="2022-04-06T13:02:20 IST" duration-ms="837" status="PASS">
          <params>
            <param index="0">
              <value>
                <![CDATA[[TestResult name=customer_Is_clicking_On_The_Shop_Now_Button_It_Has_To_Redirect_To_That_Particular_Page status=SUCCESS method=TestCases.customer_Is_clicking_On_The_Shop_Now_Button_It_Has_To_Redirect_To_That_Particular_Page()[pri:78, instance:Oxhead_excel.TestCases@54422e18] output={null}]]]>
              </value>
            </param>
          </params>
          <reporter-output>
          </reporter-output>
        </test-method> <!-- getResult -->
        <test-method is-config="true" signature="setUp()[pri:0, instance:Oxhead_excel.TestCases@54422e18]" started-at="2022-04-06T13:02:20 IST" name="setUp" finished-at="2022-04-06T13:02:36 IST" duration-ms="16082" status="PASS">
          <reporter-output>
          </reporter-output>
        </test-method> <!-- setUp -->
        <test-method signature="Customer_Is_Able_To_click_On_The_Shop_Now_Button_It_Has_To_Redirect_To_That_Particular_Page()[pri:79, instance:Oxhead_excel.TestCases@54422e18]" started-at="2022-04-06T13:02:36 IST" name="Customer_Is_Able_To_click_On_The_Shop_Now_Button_It_Has_To_Redirect_To_That_Particular_Page" finished-at="2022-04-06T13:03:01 IST" duration-ms="24681" status="PASS">
          <reporter-output>
          </reporter-output>
        </test-method> <!-- Customer_Is_Able_To_click_On_The_Shop_Now_Button_It_Has_To_Redirect_To_That_Particular_Page -->
        <test-method is-config="true" signature="getResult(org.testng.ITestResult)[pri:0, instance:Oxhead_excel.TestCases@54422e18]" started-at="2022-04-06T13:03:01 IST" name="getResult" finished-at="2022-04-06T13:03:02 IST" duration-ms="851" status="PASS">
          <params>
            <param index="0">
              <value>
                <![CDATA[[TestResult name=Customer_Is_Able_To_click_On_The_Shop_Now_Button_It_Has_To_Redirect_To_That_Particular_Page status=SUCCESS method=TestCases.Customer_Is_Able_To_click_On_The_Shop_Now_Button_It_Has_To_Redirect_To_That_Particular_Page()[pri:79, instance:Oxhead_excel.TestCases@54422e18] output={null}]]]>
              </value>
            </param>
          </params>
          <reporter-output>
          </reporter-output>
        </test-method> <!-- getResult -->
        <test-method is-config="true" signature="setUp()[pri:0, instance:Oxhead_excel.TestCases@54422e18]" started-at="2022-04-06T13:03:02 IST" name="setUp" finished-at="2022-04-06T13:03:18 IST" duration-ms="15934" status="PASS">
          <reporter-output>
          </reporter-output>
        </test-method> <!-- setUp -->
        <test-method signature="Customer_is_able_to_login_with_Valid_Username_and_ValidPassword(java.lang.String,java.lang.String)[pri:91, instance:Oxhead_excel.TestCases@54422e18]" started-at="2022-04-06T13:03:18 IST" name="Customer_is_able_to_login_with_Valid_Username_and_ValidPassword" data-provider="logindata" finished-at="2022-04-06T13:03:25 IST" duration-ms="6614" status="PASS">
          <params>
            <param index="0">
              <value>
                <![CDATA[admin12@gmail12.com]]>
              </value>
            </param>
            <param index="1">
              <value>
                <![CDATA[demo123]]>
              </value>
            </param>
          </params>
          <reporter-output>
          </reporter-output>
        </test-method> <!-- Customer_is_able_to_login_with_Valid_Username_and_ValidPassword -->
        <test-method is-config="true" signature="getResult(org.testng.ITestResult)[pri:0, instance:Oxhead_excel.TestCases@54422e18]" started-at="2022-04-06T13:03:25 IST" name="getResult" finished-at="2022-04-06T13:03:25 IST" duration-ms="815" status="PASS">
          <params>
            <param index="0">
              <value>
                <![CDATA[[TestResult name=Customer_is_able_to_login_with_Valid_Username_and_ValidPassword status=SUCCESS method=TestCases.Customer_is_able_to_login_with_Valid_Username_and_ValidPassword(java.lang.String,java.lang.String)[pri:91, instance:Oxhead_excel.TestCases@54422e18] output={null}]]]>
              </value>
            </param>
          </params>
          <reporter-output>
          </reporter-output>
        </test-method> <!-- getResult -->
        <test-method is-config="true" signature="setUp()[pri:0, instance:Oxhead_excel.TestCases@54422e18]" started-at="2022-04-06T13:03:25 IST" name="setUp" finished-at="2022-04-06T13:03:41 IST" duration-ms="15669" status="PASS">
          <reporter-output>
          </reporter-output>
        </test-method> <!-- setUp -->
        <test-method signature="Customer_is_able_to_login_with_Valid_Username_and_ValidPassword(java.lang.String,java.lang.String)[pri:91, instance:Oxhead_excel.TestCases@54422e18]" started-at="2022-04-06T13:03:41 IST" name="Customer_is_able_to_login_with_Valid_Username_and_ValidPassword" data-provider="logindata" finished-at="2022-04-06T13:03:48 IST" duration-ms="6953" status="PASS">
          <params>
            <param index="0">
              <value>
                <![CDATA[ksravs09@gmail.com]]>
              </value>
            </param>
            <param index="1">
              <value>
                <![CDATA[sravya123]]>
              </value>
            </param>
          </params>
          <reporter-output>
          </reporter-output>
        </test-method> <!-- Customer_is_able_to_login_with_Valid_Username_and_ValidPassword -->
        <test-method is-config="true" signature="getResult(org.testng.ITestResult)[pri:0, instance:Oxhead_excel.TestCases@54422e18]" started-at="2022-04-06T13:03:48 IST" name="getResult" finished-at="2022-04-06T13:03:49 IST" duration-ms="765" status="PASS">
          <params>
            <param index="0">
              <value>
                <![CDATA[[TestResult name=Customer_is_able_to_login_with_Valid_Username_and_ValidPassword status=SUCCESS method=TestCases.Customer_is_able_to_login_with_Valid_Username_and_ValidPassword(java.lang.String,java.lang.String)[pri:91, instance:Oxhead_excel.TestCases@54422e18] output={null}]]]>
              </value>
            </param>
          </params>
          <reporter-output>
          </reporter-output>
        </test-method> <!-- getResult -->
        <test-method is-config="true" signature="setUp()[pri:0, instance:Oxhead_excel.TestCases@54422e18]" started-at="2022-04-06T13:03:49 IST" name="setUp" finished-at="2022-04-06T13:04:03 IST" duration-ms="13882" status="PASS">
          <reporter-output>
          </reporter-output>
        </test-method> <!-- setUp -->
        <test-method signature="Customer_is_able_to_login_with_Valid_Username_and_ValidPassword(java.lang.String,java.lang.String)[pri:91, instance:Oxhead_excel.TestCases@54422e18]" started-at="2022-04-06T13:04:03 IST" name="Customer_is_able_to_login_with_Valid_Username_and_ValidPassword" data-provider="logindata" finished-at="2022-04-06T13:04:10 IST" duration-ms="6860" status="PASS">
          <params>
            <param index="0">
              <value>
                <![CDATA[ksravs09@gmail.com]]>
              </value>
            </param>
            <param index="1">
              <value>
                <![CDATA[    ]]>
              </value>
            </param>
          </params>
          <reporter-output>
          </reporter-output>
        </test-method> <!-- Customer_is_able_to_login_with_Valid_Username_and_ValidPassword -->
        <test-method is-config="true" signature="getResult(org.testng.ITestResult)[pri:0, instance:Oxhead_excel.TestCases@54422e18]" started-at="2022-04-06T13:04:10 IST" name="getResult" finished-at="2022-04-06T13:04:10 IST" duration-ms="818" status="PASS">
          <params>
            <param index="0">
              <value>
                <![CDATA[[TestResult name=Customer_is_able_to_login_with_Valid_Username_and_ValidPassword status=SUCCESS method=TestCases.Customer_is_able_to_login_with_Valid_Username_and_ValidPassword(java.lang.String,java.lang.String)[pri:91, instance:Oxhead_excel.TestCases@54422e18] output={null}]]]>
              </value>
            </param>
          </params>
          <reporter-output>
          </reporter-output>
        </test-method> <!-- getResult -->
        <test-method is-config="true" signature="setUp()[pri:0, instance:Oxhead_excel.TestCases@54422e18]" started-at="2022-04-06T13:04:10 IST" name="setUp" finished-at="2022-04-06T13:04:28 IST" duration-ms="17409" status="PASS">
          <reporter-output>
          </reporter-output>
        </test-method> <!-- setUp -->
        <test-method signature="Customer_is_able_to_login_with_Valid_Username_and_ValidPassword(java.lang.String,java.lang.String)[pri:91, instance:Oxhead_excel.TestCases@54422e18]" started-at="2022-04-06T13:04:28 IST" name="Customer_is_able_to_login_with_Valid_Username_and_ValidPassword" data-provider="logindata" finished-at="2022-04-06T13:04:34 IST" duration-ms="6334" status="PASS">
          <params>
            <param index="0">
              <value>
                <![CDATA[   ]]>
              </value>
            </param>
            <param index="1">
              <value>
                <![CDATA[  ]]>
              </value>
            </param>
          </params>
          <reporter-output>
          </reporter-output>
        </test-method> <!-- Customer_is_able_to_login_with_Valid_Username_and_ValidPassword -->
        <test-method is-config="true" signature="getResult(org.testng.ITestResult)[pri:0, instance:Oxhead_excel.TestCases@54422e18]" started-at="2022-04-06T13:04:34 IST" name="getResult" finished-at="2022-04-06T13:04:35 IST" duration-ms="724" status="PASS">
          <params>
            <param index="0">
              <value>
                <![CDATA[[TestResult name=Customer_is_able_to_login_with_Valid_Username_and_ValidPassword status=SUCCESS method=TestCases.Customer_is_able_to_login_with_Valid_Username_and_ValidPassword(java.lang.String,java.lang.String)[pri:91, instance:Oxhead_excel.TestCases@54422e18] output={null}]]]>
              </value>
            </param>
          </params>
          <reporter-output>
          </reporter-output>
        </test-method> <!-- getResult -->
        <test-method is-config="true" signature="setUp()[pri:0, instance:Oxhead_excel.TestCases@54422e18]" started-at="2022-04-06T13:04:35 IST" name="setUp" finished-at="2022-04-06T13:04:54 IST" duration-ms="19327" status="PASS">
          <reporter-output>
          </reporter-output>
        </test-method> <!-- setUp -->
        <test-method signature="Customer_is_able_to_login_with_Valid_Username_and_ValidPassword(java.lang.String,java.lang.String)[pri:91, instance:Oxhead_excel.TestCases@54422e18]" started-at="2022-04-06T13:04:54 IST" name="Customer_is_able_to_login_with_Valid_Username_and_ValidPassword" data-provider="logindata" finished-at="2022-04-06T13:05:05 IST" duration-ms="10897" status="PASS">
          <params>
            <param index="0">
              <value>
                <![CDATA[ksravs09@gmail.com]]>
              </value>
            </param>
            <param index="1">
              <value>
                <![CDATA[Sravya123]]>
              </value>
            </param>
          </params>
          <reporter-output>
          </reporter-output>
        </test-method> <!-- Customer_is_able_to_login_with_Valid_Username_and_ValidPassword -->
        <test-method is-config="true" signature="getResult(org.testng.ITestResult)[pri:0, instance:Oxhead_excel.TestCases@54422e18]" started-at="2022-04-06T13:05:05 IST" name="getResult" finished-at="2022-04-06T13:05:06 IST" duration-ms="834" status="PASS">
          <params>
            <param index="0">
              <value>
                <![CDATA[[TestResult name=Customer_is_able_to_login_with_Valid_Username_and_ValidPassword status=SUCCESS method=TestCases.Customer_is_able_to_login_with_Valid_Username_and_ValidPassword(java.lang.String,java.lang.String)[pri:91, instance:Oxhead_excel.TestCases@54422e18] output={null}]]]>
              </value>
            </param>
          </params>
          <reporter-output>
          </reporter-output>
        </test-method> <!-- getResult -->
        <test-method is-config="true" signature="tearDown()[pri:0, instance:Oxhead_excel.TestCases@54422e18]" started-at="2022-04-06T13:05:06 IST" name="tearDown" finished-at="2022-04-06T13:05:06 IST" duration-ms="521" status="PASS">
          <reporter-output>
          </reporter-output>
        </test-method> <!-- tearDown -->
      </class> <!-- Oxhead_excel.TestCases -->
    </test> <!-- Default test -->
  </suite> <!-- Default suite -->
</testng-results>
